[2017-02-08 15:24:14] START
[2017-02-08 15:24:20] DELETE Sprint1/models/menu.py: -121
[2017-02-08 15:27:36] EDIT Sprint1/models/db.py: -9
[2017-02-08 15:27:49] EDIT Sprint1/models/db.py: 0
[2017-02-08 15:29:08] EDIT Sprint1/models/db.py: 6
[2017-02-08 15:33:10] EDIT Sprint1/models/db.py: -4
[2017-02-08 15:33:16] EDIT Sprint1/models/db.py: 0
[2017-02-08 15:33:17] EDIT Sprint1/models/db.py: 0
[2017-02-08 15:33:22] EDIT Sprint1/models/db.py: -1
[2017-02-08 15:33:33] EDIT Sprint1/models/db.py: 0
[2017-02-08 15:35:44] EDIT Sprint1/models/db.py: 0
[2017-02-08 15:49:20] EDIT Sprint1/controllers/default.py: -30
[2017-02-08 15:49:32] EDIT Sprint1/controllers/default.py: 0
[2017-02-08 15:50:39] EDIT Sprint1/views/default/index.html: -42
[2017-02-08 15:51:05] EDIT Sprint1/views/default/index.html: 0
[2017-02-08 15:51:58] CREATE default/create.html: 0
[2017-02-08 15:52:23] EDIT Sprint1/views/default/create.html: 0
[2017-02-08 15:52:45] EDIT Sprint1/views/default/create.html: 0
[2017-02-08 15:56:01] EDIT Sprint1/controllers/default.py: 3
[2017-02-08 16:11:22] CREATE default/show.html: 0
[2017-02-08 16:12:36] EDIT Sprint1/views/default/show.html: 3
[2017-02-08 16:13:25] EDIT Sprint1/controllers/default.py: 6
[2017-02-08 16:14:08] EDIT Sprint1/views/default/show.html: 6
[2017-02-08 16:18:05] EDIT Sprint1/controllers/default.py: 6
[2017-02-08 16:19:07] CREATE default/edit.html: 0
[2017-02-08 16:19:36] CREATE default/download.html: 0
[2017-02-08 16:19:47] CREATE default/documents.html: 0
[2017-02-08 16:20:08] EDIT Sprint1/views/default/edit.html: 2
[2017-02-08 16:20:54] EDIT Sprint1/controllers/default.py: 2
[2017-02-08 16:21:55] EDIT Sprint1/views/default/show.html: 0
[2017-02-08 16:22:05] EDIT Sprint1/views/default/show.html: 0
[2017-02-08 16:22:31] EDIT Sprint1/views/default/show.html: 0
[2017-02-08 16:22:54] EDIT Sprint1/views/default/show.html: 0
[2017-02-08 16:26:24] EDIT Sprint1/views/default/show.html: 1
[2017-02-08 16:30:26] EDIT Sprint1/controllers/default.py: 2
[2017-02-08 16:32:03] EDIT Sprint1/controllers/default.py: 7
[2017-02-08 16:32:13] EDIT Sprint1/controllers/default.py: 0
[2017-02-08 16:32:25] EDIT Sprint1/controllers/default.py: -5
[2017-02-08 16:32:58] EDIT Sprint1/views/default/documents.html: 2
[2017-02-08 16:33:05] EDIT Sprint1/views/default/documents.html: 0
[2017-02-08 16:34:01] EDIT Sprint1/models/db.py: 8
[2017-02-08 16:34:26] EDIT Sprint1/models/db.py: 0
[2017-02-08 16:36:12] EDIT Sprint1/controllers/default.py: 2
[2017-02-08 16:39:08] EDIT Sprint1/views/default/index.html: 0
[2017-02-08 16:39:24] EDIT Sprint1/views/default/create.html: 0
[2017-02-08 16:39:37] EDIT Sprint1/views/default/create.html: 0
[2017-02-08 16:40:46] EDIT Sprint1/views/default/index.html: 0
[2017-02-08 16:41:04] EDIT Sprint1/views/default/index.html: 0
[2017-02-08 16:44:15] EDIT Sprint1/views/default/index.html: 0
[2017-02-08 16:44:52] EDIT Sprint1/views/default/index.html: 0
[2017-02-08 16:45:24] EDIT Sprint1/controllers/default.py: 0
[2017-02-08 16:45:53] EDIT Sprint1/views/default/index.html: 0
[2017-02-08 16:46:08] EDIT Sprint1/views/default/index.html: 0
[2017-02-08 16:46:34] EDIT Sprint1/views/default/index.html: 0
[2017-02-08 16:47:06] EDIT Sprint1/controllers/default.py: 0
[2017-02-08 16:49:32] EDIT Sprint1/views/default/index.html: 0
[2017-02-08 16:50:52] CREATE default/projects.html: 0
[2017-02-08 16:54:42] EDIT Sprint1/controllers/default.py: 3
[2017-02-08 16:55:09] EDIT Sprint1/views/default/projects.html: 2
[2017-02-08 16:56:44] EDIT Sprint1/controllers/default.py: 3
[2017-02-08 16:58:06] CREATE default/createPerson.html: 0
[2017-02-08 16:58:11] DELETE Sprint1/views/default/create.html: -3
[2017-02-08 16:58:25] CREATE default/createProject.html: 0
[2017-02-08 16:58:40] EDIT Sprint1/views/default/createPerson.html: 0
[2017-02-08 16:58:51] EDIT Sprint1/views/default/createProject.html: 0
[2017-02-08 16:59:24] EDIT Sprint1/controllers/default.py: 0
[2017-02-08 17:00:20] EDIT Sprint1/controllers/default.py: 0
[2017-02-08 17:04:07] EDIT Sprint1/controllers/default.py: 2
[2017-02-08 17:08:11] EDIT Sprint1/controllers/default.py: 5
[2017-02-08 17:11:11] EDIT Sprint1/controllers/default.py: -3
[2017-02-08 17:11:37] EDIT Sprint1/controllers/default.py: 0
[2017-02-08 17:12:57] EDIT Sprint1/views/default/projects.html: -2
[2017-02-08 17:14:44] EDIT Sprint1/views/default/projects.html: 1
[2017-02-08 17:16:02] EDIT Sprint1/controllers/default.py: 0
[2017-02-08 17:16:08] EDIT Sprint1/controllers/default.py: 0
[2017-02-08 17:16:27] EDIT Sprint1/controllers/default.py: 0
[2017-02-08 17:17:24] EDIT Sprint1/controllers/default.py: 0
[2017-02-08 17:17:32] EDIT Sprint1/controllers/default.py: 0
[2017-02-08 17:17:57] EDIT Sprint1/views/default/projects.html: 0
[2017-02-08 17:18:59] EDIT Sprint1/models/db.py: 0
[2017-02-08 17:19:13] EDIT Sprint1/models/db.py: 0
[2017-02-08 17:20:39] EDIT Sprint1/models/db.py: 1
[2017-02-08 17:20:54] EDIT Sprint1/models/db.py: 0
[2017-02-08 17:24:24] EDIT Sprint1/views/default/index.html: 0
[2017-02-08 17:26:35] EDIT Sprint1/controllers/default.py: 0
[2017-02-08 17:28:37] EDIT Sprint1/views/default/projects.html: 3
[2017-02-08 17:29:49] EDIT Sprint1/views/default/projects.html: 0
[2017-02-08 17:31:04] EDIT Sprint1/views/default/projects.html: 0
[2017-02-08 17:31:07] EDIT Sprint1/views/default/projects.html: 0
[2017-02-08 17:31:52] EDIT Sprint1/controllers/default.py: 0
[2017-02-08 17:32:22] EDIT Sprint1/controllers/default.py: 0
[2017-02-08 17:32:38] EDIT Sprint1/controllers/default.py: 0
[2017-02-08 17:34:00] EDIT Sprint1/controllers/default.py: 1
[2017-02-08 17:35:05] EDIT Sprint1/controllers/default.py: 0
[2017-02-08 17:56:22] EDIT Sprint1/models/db.py: 1
[2017-02-08 17:58:03] EDIT Sprint1/views/default/show.html: 2
[2017-02-08 17:58:33] EDIT Sprint1/views/default/show.html: 0
[2017-02-08 17:58:35] EDIT Sprint1/models/db.py: 0
[2017-02-10 08:59:49] EDIT Sprint1/models/db.py: -1
[2017-02-10 09:01:44] EDIT Sprint1/models/db.py: 1
[2017-02-10 09:05:12] EDIT Sprint1/controllers/default.py: 0
[2017-02-10 09:06:03] EDIT Sprint1/controllers/default.py: 0
[2017-02-10 09:06:32] EDIT Sprint1/controllers/default.py: 0
[2017-02-13 19:16:52] EDIT Sprint1/models/db.py: 1
[2017-02-13 19:17:39] EDIT Sprint1/models/db.py: 1
[2017-02-13 19:20:01] EDIT Sprint1/views/default/show.html: 3
[2017-02-13 19:20:18] EDIT Sprint1/views/default/show.html: 0
[2017-02-13 19:20:48] EDIT Sprint1/views/default/show.html: 0
[2017-02-13 19:21:15] EDIT Sprint1/models/db.py: 0
[2017-02-13 19:24:54] EDIT Sprint1/models/db.py: -1
[2017-02-13 19:25:02] EDIT Sprint1/models/db.py: 0
[2017-02-13 19:27:19] EDIT Sprint1/models/db.py: 1
[2017-02-13 19:27:32] EDIT Sprint1/models/db.py: 0
[2017-02-13 19:27:51] EDIT Sprint1/models/db.py: 0
[2017-02-13 19:28:03] EDIT Sprint1/models/db.py: 0
[2017-02-13 19:28:19] EDIT Sprint1/models/db.py: 0
[2017-02-13 19:28:32] EDIT Sprint1/models/db.py: 0
[2017-02-13 19:29:34] EDIT Sprint1/models/db.py: 0
[2017-02-13 19:29:55] EDIT Sprint1/models/db.py: 0
[2017-02-13 19:33:05] EDIT Sprint1/models/db.py: 0
[2017-02-13 19:33:31] EDIT Sprint1/models/db.py: 0
[2017-02-13 19:34:23] EDIT Sprint1/models/db.py: 1
[2017-02-13 19:34:36] EDIT Sprint1/models/db.py: 0
[2017-02-13 19:34:52] EDIT Sprint1/models/db.py: 0
[2017-02-13 19:35:09] EDIT Sprint1/models/db.py: 0
[2017-02-13 19:35:32] EDIT Sprint1/models/db.py: 0
[2017-02-13 19:37:04] EDIT Sprint1/models/db.py: 0
[2017-02-13 19:39:01] EDIT Sprint1/views/default/show.html: 0
[2017-02-13 19:39:12] EDIT Sprint1/models/db.py: 0
[2017-02-13 19:39:30] EDIT Sprint1/views/default/show.html: 0
[2017-02-13 19:39:32] EDIT Sprint1/views/default/show.html: 0
[2017-02-13 19:39:54] EDIT Sprint1/views/default/show.html: 0
[2017-02-13 19:40:51] EDIT Sprint1/views/default/show.html: 0
[2017-02-13 19:43:40] EDIT Sprint1/views/default/show.html: 0
[2017-02-13 19:44:14] EDIT Sprint1/views/default/show.html: 0
[2017-02-13 19:45:43] EDIT Sprint1/views/default/show.html: 0
[2017-02-13 19:46:10] EDIT Sprint1/views/default/show.html: 0
[2017-02-13 19:46:33] EDIT Sprint1/views/default/show.html: 0
[2017-02-13 19:46:58] EDIT Sprint1/views/default/show.html: 0
[2017-02-13 19:47:15] EDIT Sprint1/views/default/show.html: 0
[2017-02-13 19:47:23] EDIT Sprint1/views/default/show.html: 0
[2017-02-13 19:48:06] EDIT Sprint1/views/default/show.html: 1
[2017-02-13 19:53:11] EDIT Sprint1/views/default/show.html: 0
[2017-02-13 19:53:17] EDIT Sprint1/views/default/show.html: 0
[2017-02-13 19:53:26] EDIT Sprint1/views/default/show.html: 0
[2017-02-13 19:54:06] EDIT Sprint1/views/default/show.html: 0
[2017-02-13 19:57:01] EDIT Sprint1/models/db.py: -2
[2017-02-13 20:08:55] EDIT Sprint1/models/db.py: 1
[2017-02-13 20:09:08] EDIT Sprint1/views/default/show.html: 0
[2017-02-13 20:09:50] EDIT Sprint1/models/db.py: -1
[2017-02-13 20:10:02] EDIT Sprint1/views/default/show.html: 0
[2017-02-13 20:13:39] EDIT Sprint1/views/default/show.html: 1
[2017-02-13 20:14:07] EDIT Sprint1/views/default/show.html: 0
[2017-02-13 20:15:38] EDIT Sprint1/views/default/show.html: 0
[2017-02-13 20:15:52] EDIT Sprint1/views/default/show.html: 0
[2017-02-13 20:16:03] EDIT Sprint1/views/default/show.html: -1
[2017-02-13 20:18:23] EDIT Sprint1/models/db.py: 0
[2017-02-13 20:20:57] EDIT Sprint1/models/db.py: 0
[2017-02-13 20:21:32] EDIT Sprint1/views/default/show.html: 0
[2017-02-13 20:22:21] EDIT Sprint1/views/default/show.html: -1
[2017-02-13 20:23:00] EDIT Sprint1/views/default/show.html: 1
[2017-02-13 20:25:57] EDIT Sprint1/views/default/show.html: 2
[2017-02-13 20:26:22] EDIT Sprint1/views/default/show.html: -1
[2017-02-13 20:26:39] EDIT Sprint1/views/default/show.html: 0
[2017-02-13 20:27:29] EDIT Sprint1/views/default/show.html: -1
[2017-02-13 20:27:33] EDIT Sprint1/views/default/show.html: 0
[2017-02-13 20:33:05] EDIT Sprint1/views/default/show.html: 3
[2017-02-13 20:33:34] EDIT Sprint1/views/default/show.html: 0
[2017-02-13 20:33:56] EDIT Sprint1/models/db.py: 1
[2017-02-13 20:40:56] EDIT Sprint1/models/db.py: 1
[2017-02-13 20:41:33] EDIT Sprint1/models/db.py: -1
[2017-02-13 20:44:39] EDIT Sprint1/views/default/createProject.html: 2
[2017-02-13 20:45:02] EDIT Sprint1/views/default/createProject.html: 1
[2017-02-13 20:45:12] EDIT Sprint1/views/default/createProject.html: 0
[2017-02-13 20:45:37] EDIT Sprint1/views/default/createProject.html: 0
[2017-02-13 21:10:17] EDIT Sprint1/views/default/projects.html: 0
[2017-02-17 16:39:51] EDIT Sprint1/models/db.py: 5
[2017-02-17 16:42:11] EDIT Sprint1/models/db.py: 0
[2017-02-17 16:45:15] EDIT Sprint1/models/db.py: -2
[2017-02-17 16:45:54] EDIT Sprint1/models/db.py: 1
[2017-02-17 16:46:49] EDIT Sprint1/models/db.py: 0
[2017-02-17 16:48:48] EDIT Sprint1/models/db.py: 0
[2017-02-17 16:49:40] EDIT Sprint1/models/db.py: 0
[2017-02-17 16:58:04] EDIT Sprint1/models/db.py: 1
[2017-02-17 16:58:09] EDIT Sprint1/models/db.py: 0
[2017-02-17 16:58:49] EDIT Sprint1/models/db.py: 0
[2017-02-17 16:59:04] EDIT Sprint1/models/db.py: 0
[2017-02-17 16:59:27] EDIT Sprint1/models/db.py: 0
[2017-02-17 17:01:42] EDIT Sprint1/models/db.py: 0
[2017-02-17 17:04:08] EDIT Sprint1/views/default/show.html: 1
[2017-02-17 17:05:08] EDIT Sprint1/views/default/show.html: 0
[2017-02-27 09:57:19] CREATE menu.py: 0
[2017-02-27 09:57:31] EDIT Sprint1/models/menu.py: 117
[2017-02-27 09:59:56] EDIT Sprint1/models/menu.py: 0
[2017-02-27 10:00:45] EDIT Sprint1/models/menu.py: -105
[2017-02-27 10:00:56] EDIT Sprint1/models/menu.py: 0
[2017-03-07 18:44:16] EDIT Sprint1/models/db.py: 0
[2017-03-09 12:17:31] EDIT Sprint1/models/db.py: -1
[2017-03-09 12:18:19] EDIT Sprint1/models/db.py: -4
[2017-03-09 12:19:56] EDIT Sprint1/views/default/index.html: -4
[2017-03-09 12:27:26] EDIT Sprint1/models/db.py: 1
[2017-03-09 12:31:35] EDIT Sprint1/models/db.py: 1
[2017-03-09 12:32:09] EDIT Sprint1/controllers/default.py: 0
[2017-03-09 12:32:11] EDIT Sprint1/models/db.py: 0
[2017-03-09 12:34:17] EDIT Sprint1/models/db.py: 1
[2017-03-09 12:34:19] EDIT Sprint1/models/db.py: 0
[2017-03-09 12:37:32] EDIT Sprint1/models/db.py: 0
[2017-03-09 12:46:52] DELETE Sprint1/views/default/createPerson.html: -3
[2017-03-09 12:48:28] CREATE default/feed.html: 0
[2017-03-09 12:48:35] EDIT Sprint1/views/default/feed.html: 48
[2017-03-09 12:49:06] EDIT Sprint1/views/default/projects.html: 0
[2017-03-09 12:49:38] EDIT Sprint1/views/default/index.html: 0
[2017-03-09 13:20:37] EDIT Sprint1/controllers/default.py: 3
[2017-03-09 13:22:59] EDIT Sprint1/controllers/default.py: 0
[2017-03-09 13:24:05] EDIT Sprint1/controllers/default.py: 7
[2017-03-09 13:26:53] EDIT Sprint1/controllers/default.py: 0
[2017-03-09 13:26:55] EDIT Sprint1/controllers/default.py: 0
[2017-03-09 13:28:33] EDIT Sprint1/views/default/index.html: 1
[2017-03-09 14:46:25] EDIT Sprint1/models/menu.py: 0
[2017-03-09 14:46:37] EDIT Sprint1/models/menu.py: 0
[2017-03-09 14:46:57] EDIT Sprint1/models/menu.py: 0
[2017-03-09 14:47:08] EDIT Sprint1/models/menu.py: 0
[2017-03-09 14:53:17] CREATE css/logo.css: 0
[2017-03-09 14:54:00] EDIT Sprint1/static/css/logo.css: 5
[2017-03-09 15:15:21] EDIT Sprint1/static/css/logo.css: 0
[2017-03-09 15:15:38] EDIT Sprint1/static/css/logo.css: 0
[2017-03-09 15:18:15] EDIT Sprint1/models/menu.py: 1
[2017-03-09 15:18:46] DELETE Sprint1/static/css/logo.css.bak: -5
[2017-03-09 15:18:52] DELETE Sprint1/static/css/logo.css: -5
[2017-03-09 15:21:06] EDIT Sprint1/models/menu.py: -1
[2017-03-09 15:23:49] EDIT Sprint1/controllers/default.py: 1
[2017-03-09 15:24:48] EDIT Sprint1/controllers/default.py: -1
[2017-03-09 15:25:00] EDIT Sprint1/controllers/default.py: 0
[2017-03-09 15:25:13] EDIT Sprint1/controllers/default.py: 0
[2017-03-09 15:25:22] EDIT Sprint1/controllers/default.py: 0
[2017-03-09 15:25:36] EDIT Sprint1/controllers/default.py: 0
[2017-03-09 15:25:48] EDIT Sprint1/controllers/default.py: 0
[2017-03-09 15:26:04] EDIT Sprint1/controllers/default.py: 0
[2017-03-09 15:26:17] EDIT Sprint1/controllers/default.py: 0
[2017-03-09 15:26:27] EDIT Sprint1/controllers/default.py: 0
[2017-03-09 15:26:32] EDIT Sprint1/controllers/default.py: 0
[2017-03-09 15:26:48] EDIT Sprint1/controllers/default.py: 0
[2017-03-09 15:29:48] EDIT Sprint1/controllers/default.py: -3
[2017-03-09 15:31:00] EDIT Sprint1/controllers/default.py: 3
[2017-03-09 15:31:08] EDIT Sprint1/controllers/default.py: 0
[2017-03-09 15:31:10] EDIT Sprint1/controllers/default.py: 0
[2017-03-09 15:31:11] EDIT Sprint1/controllers/default.py: 0
[2017-03-09 15:31:29] EDIT Sprint1/controllers/default.py: -1
[2017-03-09 15:31:48] EDIT Sprint1/controllers/default.py: -1
[2017-03-09 15:31:53] EDIT Sprint1/controllers/default.py: 0
[2017-03-09 15:37:17] EDIT Sprint1/controllers/default.py: -2
[2017-03-09 15:39:13] EDIT Sprint1/models/db.py: 1
[2017-03-09 15:39:40] EDIT Sprint1/models/db.py: -1
[2017-03-09 15:40:08] EDIT Sprint1/models/db.py: 1
[2017-03-09 15:41:06] EDIT Sprint1/models/db.py: -1
[2017-03-09 15:41:20] EDIT Sprint1/models/db.py: 1
[2017-03-09 15:50:15] EDIT Sprint1/controllers/default.py: 0
[2017-03-09 15:50:35] EDIT Sprint1/controllers/default.py: 0
[2017-03-09 15:52:52] EDIT Sprint1/controllers/default.py: 0
[2017-03-09 15:53:04] EDIT Sprint1/controllers/default.py: 0
[2017-03-09 15:53:45] EDIT Sprint1/controllers/default.py: 0
[2017-03-09 15:54:23] EDIT Sprint1/controllers/default.py: 1
[2017-03-09 15:54:56] EDIT Sprint1/controllers/default.py: -1
[2017-03-09 15:55:14] EDIT Sprint1/controllers/default.py: 0
[2017-03-09 15:55:27] EDIT Sprint1/controllers/default.py: 0
[2017-03-09 15:59:15] EDIT Sprint1/controllers/default.py: 13
[2017-03-09 15:59:29] EDIT Sprint1/controllers/default.py: 0
[2017-03-09 16:00:23] EDIT Sprint1/controllers/default.py: 0
[2017-03-09 16:01:49] EDIT Sprint1/controllers/default.py: 0
[2017-03-09 16:02:08] EDIT Sprint1/controllers/default.py: 0
[2017-03-09 16:02:26] EDIT Sprint1/controllers/default.py: 0
[2017-03-09 16:03:29] EDIT Sprint1/controllers/default.py: -5
[2017-03-09 16:04:15] EDIT Sprint1/controllers/default.py: 5
[2017-03-09 16:11:36] EDIT Sprint1/views/default/index.html: 0
[2017-03-09 16:11:48] EDIT Sprint1/views/default/index.html: -1
[2017-03-09 16:12:06] EDIT Sprint1/views/default/projects.html: 16
[2017-03-09 16:13:19] EDIT Sprint1/controllers/default.py: 0
[2017-03-09 16:13:36] EDIT Sprint1/controllers/default.py: 0
[2017-03-09 16:13:46] EDIT Sprint1/controllers/default.py: 0
[2017-03-09 16:14:34] EDIT Sprint1/controllers/default.py: 0
[2017-03-09 16:16:37] EDIT Sprint1/controllers/default.py: 0
[2017-03-09 16:16:51] EDIT Sprint1/controllers/default.py: 1
[2017-03-09 16:20:18] EDIT Sprint1/controllers/default.py: 0
[2017-03-09 16:20:40] EDIT Sprint1/controllers/default.py: 0
[2017-03-09 16:21:26] EDIT Sprint1/controllers/default.py: 1
[2017-03-09 16:22:59] EDIT Sprint1/controllers/default.py: 0
[2017-03-09 16:23:12] EDIT Sprint1/controllers/default.py: 0
[2017-03-09 16:23:28] EDIT Sprint1/controllers/default.py: 0
[2017-03-09 16:23:35] EDIT Sprint1/controllers/default.py: 0
[2017-03-09 16:23:38] EDIT Sprint1/controllers/default.py: 0
[2017-03-09 16:24:22] EDIT Sprint1/controllers/default.py: 0
[2017-03-09 16:24:51] EDIT Sprint1/controllers/default.py: 0
[2017-03-09 16:24:58] EDIT Sprint1/controllers/default.py: 0
[2017-03-09 16:25:25] EDIT Sprint1/controllers/default.py: 0
[2017-03-09 16:25:33] EDIT Sprint1/controllers/default.py: 0
[2017-03-09 16:25:50] EDIT Sprint1/controllers/default.py: 0
[2017-03-09 16:25:58] EDIT Sprint1/controllers/default.py: 0
[2017-03-09 16:26:18] EDIT Sprint1/controllers/default.py: 0
[2017-03-09 16:28:21] EDIT Sprint1/controllers/default.py: 0
[2017-03-09 16:28:26] EDIT Sprint1/controllers/default.py: 0
[2017-03-09 16:31:43] EDIT Sprint1/controllers/default.py: 0
[2017-03-09 16:32:43] EDIT Sprint1/controllers/default.py: 0
[2017-03-09 16:32:55] EDIT Sprint1/controllers/default.py: 0
[2017-03-09 16:33:18] EDIT Sprint1/controllers/default.py: 0
<<<<<<< HEAD
[2017-03-12 15:33:27] EDIT Sprint1/views/layout.html: -8
[2017-03-12 15:33:45] EDIT Sprint1/views/layout.html: -3
=======
[2017-03-12 15:29:09] EDIT Sprint1/views/default/index.html: 2
[2017-03-12 15:56:31] EDIT Sprint1/controllers/default.py: 2
[2017-03-12 15:56:57] CREATE default/profile.html: 0
[2017-03-12 16:13:52] EDIT Sprint1/views/default/profile.html: 0
>>>>>>> 19bc826a19815c7006353ffdd4f44f6bd148e851
