[2017-02-16 23:51:26] START
[2017-02-26 20:59:44] EDIT asgn2/views/default/index.html: 4
[2017-02-26 21:00:54] EDIT asgn2/views/default/index.html: 0
[2017-02-26 21:01:11] EDIT asgn2/views/default/index.html: 0
[2017-02-26 21:01:55] EDIT asgn2/views/default/index.html: 0
[2017-02-26 21:02:28] EDIT asgn2/views/default/index.html: 0
[2017-02-26 21:02:39] EDIT asgn2/views/default/index.html: 0
[2017-02-26 21:02:45] EDIT asgn2/views/default/index.html: 0
[2017-02-26 21:03:18] EDIT asgn2/views/default/index.html: 0
[2017-02-26 21:09:12] EDIT asgn2/views/default/index.html: 2
[2017-02-26 21:09:37] EDIT asgn2/views/default/index.html: 0
[2017-02-26 21:10:25] EDIT asgn2/views/default/index.html: 0
[2017-02-26 21:10:37] EDIT asgn2/views/default/index.html: 0
[2017-02-26 21:11:04] EDIT asgn2/views/default/index.html: 0
[2017-02-26 21:11:23] EDIT asgn2/views/default/index.html: 0
[2017-02-26 21:13:39] EDIT asgn2/views/default/index.html: 0
[2017-02-26 21:13:47] EDIT asgn2/views/default/index.html: 0
[2017-02-26 21:13:48] EDIT asgn2/views/default/index.html: 0
[2017-02-26 21:14:00] EDIT asgn2/views/default/index.html: 0
[2017-02-26 21:14:19] EDIT asgn2/views/default/index.html: 0
[2017-02-26 21:14:44] EDIT asgn2/views/default/index.html: 0
[2017-02-26 21:15:23] EDIT asgn2/views/default/index.html: 0
[2017-02-26 21:15:36] EDIT asgn2/views/default/index.html: 0
[2017-02-26 21:15:40] EDIT asgn2/views/default/index.html: 0
[2017-02-26 21:16:36] EDIT asgn2/views/default/index.html: 0
[2017-02-26 21:16:52] EDIT asgn2/views/default/index.html: 0
[2017-02-26 21:17:21] EDIT asgn2/views/default/index.html: 0
[2017-02-26 21:17:33] EDIT asgn2/views/default/index.html: 0
[2017-02-26 21:17:37] EDIT asgn2/views/default/index.html: 0
[2017-02-26 21:17:55] EDIT asgn2/views/default/index.html: 0
[2017-02-26 21:19:08] EDIT asgn2/views/default/index.html: 1
[2017-02-26 21:19:15] EDIT asgn2/views/default/index.html: 0
[2017-02-26 21:19:34] EDIT asgn2/views/default/index.html: 0
[2017-02-26 21:19:45] EDIT asgn2/views/default/index.html: 0
[2017-02-26 21:20:21] EDIT asgn2/views/default/index.html: 1
[2017-02-26 21:20:55] EDIT asgn2/views/default/index.html: 0
[2017-02-26 21:21:15] EDIT asgn2/views/default/index.html: 1
[2017-02-26 21:22:01] EDIT asgn2/views/default/index.html: 0
[2017-02-26 21:22:24] EDIT asgn2/views/default/index.html: 1
[2017-02-26 21:23:31] EDIT asgn2/views/default/index.html: 0
[2017-02-26 21:23:49] EDIT asgn2/views/default/index.html: 0
[2017-02-26 21:23:54] EDIT asgn2/views/default/index.html: 0
[2017-02-26 21:24:55] EDIT asgn2/views/default/index.html: 0
[2017-02-26 21:25:05] EDIT asgn2/views/default/index.html: 0
[2017-02-26 21:25:35] EDIT asgn2/views/default/index.html: 0
[2017-02-26 21:29:00] EDIT asgn2/models/db.py: 0
[2017-02-26 21:31:45] EDIT asgn2/views/default/index.html: 0
[2017-02-26 21:31:56] EDIT asgn2/views/default/index.html: 0
[2017-02-26 21:41:53] EDIT asgn2/views/default/index.html: 3
[2017-02-26 21:42:39] EDIT asgn2/views/default/index.html: 0
[2017-02-26 21:43:37] EDIT asgn2/views/default/index.html: 0
[2017-02-26 21:45:05] EDIT asgn2/views/default/index.html: 0
[2017-02-26 21:45:51] EDIT asgn2/views/default/index.html: 0
[2017-02-26 21:47:44] EDIT asgn2/views/default/index.html: -2
[2017-02-26 21:49:36] EDIT asgn2/views/default/index.html: 0
[2017-02-26 21:50:50] EDIT asgn2/views/default/index.html: 0
[2017-02-26 21:51:52] EDIT asgn2/views/default/index.html: 0
[2017-02-26 21:51:55] EDIT asgn2/views/default/index.html: 0
[2017-02-26 21:52:15] EDIT asgn2/views/default/index.html: 0
[2017-02-26 21:52:18] EDIT asgn2/views/default/index.html: 0
[2017-02-26 21:52:37] EDIT asgn2/views/default/index.html: 0
[2017-02-26 21:53:26] EDIT asgn2/views/default/index.html: 1
[2017-02-26 21:53:44] EDIT asgn2/views/default/index.html: 0
[2017-02-26 21:54:03] EDIT asgn2/views/default/index.html: 3
[2017-02-26 21:54:58] EDIT asgn2/views/default/index.html: 0
[2017-02-26 21:55:22] EDIT asgn2/views/default/index.html: 0
[2017-02-26 21:55:56] EDIT asgn2/views/default/index.html: 0
[2017-02-26 21:56:24] EDIT asgn2/views/default/index.html: 0
[2017-02-26 21:56:47] EDIT asgn2/views/default/index.html: 0
[2017-02-26 21:56:50] EDIT asgn2/views/default/index.html: 0
[2017-02-26 21:57:40] EDIT asgn2/views/default/index.html: 1
[2017-02-26 21:58:05] EDIT asgn2/views/default/index.html: 0
[2017-02-26 21:58:27] EDIT asgn2/views/default/index.html: 0
[2017-02-26 21:58:45] EDIT asgn2/views/default/index.html: 0
[2017-02-26 21:59:28] EDIT asgn2/views/default/index.html: 0
[2017-02-26 21:59:58] EDIT asgn2/views/default/index.html: -2
[2017-02-26 22:00:39] EDIT asgn2/views/default/index.html: 0
[2017-02-26 22:00:53] EDIT asgn2/views/default/index.html: 0
[2017-02-26 22:01:24] EDIT asgn2/views/default/index.html: -1
[2017-02-26 22:01:26] EDIT asgn2/views/default/index.html: 0
[2017-02-26 22:02:08] EDIT asgn2/views/default/index.html: 1
[2017-02-26 22:02:49] EDIT asgn2/views/default/index.html: 0
[2017-02-26 22:03:02] EDIT asgn2/views/default/index.html: 0
[2017-02-26 22:03:47] EDIT asgn2/views/default/index.html: -12
[2017-02-26 22:04:41] EDIT asgn2/views/default/index.html: 0
[2017-02-26 22:20:58] EDIT asgn2/views/default/index.html: 0
[2017-02-26 22:21:18] EDIT asgn2/views/default/index.html: 0
[2017-02-26 22:21:34] EDIT asgn2/views/default/index.html: 0
[2017-02-26 22:21:46] EDIT asgn2/views/default/index.html: 0
[2017-02-26 22:21:50] EDIT asgn2/views/default/index.html: 0
[2017-02-26 22:25:48] EDIT asgn2/views/default/index.html: 0
[2017-02-26 22:26:37] EDIT asgn2/views/default/index.html: 0
[2017-02-26 22:26:42] EDIT asgn2/views/default/index.html: 0
[2017-02-26 22:26:49] EDIT asgn2/views/default/index.html: 0
[2017-02-26 22:26:50] EDIT asgn2/views/default/index.html: 0
[2017-02-26 22:27:04] EDIT asgn2/views/default/index.html: 0
[2017-02-26 22:27:19] EDIT asgn2/views/default/index.html: 0
[2017-02-26 22:28:29] EDIT asgn2/views/default/index.html: 0
[2017-02-26 22:29:13] EDIT asgn2/views/default/index.html: 0
[2017-02-26 22:29:31] EDIT asgn2/views/default/index.html: 0
[2017-02-26 22:30:18] EDIT asgn2/views/default/index.html: 0
[2017-02-26 22:30:32] EDIT asgn2/views/default/index.html: 0
[2017-02-26 22:30:46] EDIT asgn2/views/default/index.html: 0
[2017-02-26 22:31:23] EDIT asgn2/views/default/index.html: 0
[2017-02-26 22:31:27] EDIT asgn2/views/default/index.html: 0
[2017-02-26 22:31:27] EDIT asgn2/views/default/index.html: 0
[2017-02-26 22:32:19] EDIT asgn2/views/default/index.html: 0
[2017-02-26 22:32:51] EDIT asgn2/views/default/index.html: 0
[2017-02-26 22:32:51] EDIT asgn2/views/default/index.html: 0
[2017-02-26 22:33:27] EDIT asgn2/views/default/index.html: 1
[2017-02-26 22:33:34] EDIT asgn2/views/default/index.html: 0
[2017-02-26 22:33:34] EDIT asgn2/views/default/index.html: 0
[2017-02-26 22:34:09] EDIT asgn2/views/default/index.html: 1
[2017-02-26 22:34:25] EDIT asgn2/views/default/index.html: 0
[2017-02-26 22:34:41] EDIT asgn2/views/default/index.html: 0
[2017-02-26 22:35:59] EDIT asgn2/views/default/index.html: 0
[2017-02-26 22:36:20] EDIT asgn2/views/default/index.html: 0
[2017-02-26 22:37:29] EDIT asgn2/views/default/index.html: 0
[2017-02-26 22:37:34] EDIT asgn2/views/default/index.html: 0
[2017-02-26 22:40:02] EDIT asgn2/views/default/index.html: 0
[2017-02-26 22:40:31] EDIT asgn2/views/default/index.html: 0
[2017-02-26 22:41:00] EDIT asgn2/views/default/index.html: 0
[2017-02-26 22:41:23] EDIT asgn2/views/default/index.html: 0
[2017-02-26 22:42:03] EDIT asgn2/views/default/index.html: 0
[2017-02-26 22:42:26] EDIT asgn2/views/default/index.html: 0
[2017-02-26 22:42:30] EDIT asgn2/views/default/index.html: 0
[2017-02-26 22:42:36] EDIT asgn2/views/default/index.html: 0
[2017-02-26 22:42:56] EDIT asgn2/views/default/index.html: 0
[2017-02-26 22:42:56] EDIT asgn2/views/default/index.html: 0
[2017-02-26 22:43:02] EDIT asgn2/views/default/index.html: 0
[2017-02-26 22:43:50] EDIT asgn2/views/default/index.html: 1
[2017-02-26 22:45:30] EDIT asgn2/views/default/index.html: 0
[2017-02-26 22:45:35] EDIT asgn2/views/default/index.html: 0
[2017-02-26 22:49:07] EDIT asgn2/views/default/index.html: -2
[2017-02-26 22:50:11] EDIT asgn2/views/default/index.html: 0
[2017-02-26 22:50:26] EDIT asgn2/views/default/index.html: 0
[2017-02-26 22:50:39] EDIT asgn2/views/default/index.html: 0
[2017-02-26 22:50:51] EDIT asgn2/views/default/index.html: 0
[2017-02-26 22:51:17] EDIT asgn2/views/default/index.html: 0
[2017-02-26 22:51:43] EDIT asgn2/views/default/index.html: 0
[2017-02-26 22:51:53] EDIT asgn2/views/default/index.html: 0
[2017-02-26 22:52:01] EDIT asgn2/views/default/index.html: 0
[2017-02-26 22:52:05] EDIT asgn2/views/default/index.html: 0
[2017-02-26 23:47:29] EDIT asgn2/views/default/edit_post.html: 11
[2017-02-26 23:59:11] EDIT asgn2/controllers/default.py: 1
[2017-02-26 23:59:15] EDIT asgn2/controllers/default.py: 0
[2017-02-27 00:00:43] EDIT asgn2/controllers/default.py: 1
[2017-02-27 00:08:21] EDIT asgn2/views/default/edit_post.html: 0
[2017-02-27 06:38:41] EDIT asgn2/controllers/default.py: -1
[2017-02-27 06:38:57] EDIT asgn2/controllers/default.py: 0
[2017-02-27 06:39:12] EDIT asgn2/controllers/default.py: 0
[2017-02-27 06:39:25] EDIT asgn2/controllers/default.py: 0
[2017-02-27 06:39:42] EDIT asgn2/controllers/default.py: 0
[2017-02-27 06:43:17] EDIT asgn2/controllers/default.py: 0
[2017-02-27 06:45:27] EDIT asgn2/controllers/default.py: 0
[2017-02-27 06:45:32] EDIT asgn2/controllers/default.py: 0
[2017-02-27 06:47:25] EDIT asgn2/controllers/default.py: 1
[2017-02-27 06:47:42] EDIT asgn2/controllers/default.py: 0
[2017-02-27 06:47:57] EDIT asgn2/controllers/default.py: 0
[2017-02-27 06:48:12] EDIT asgn2/controllers/default.py: 0
[2017-02-27 06:48:16] EDIT asgn2/controllers/default.py: 0
[2017-02-27 06:48:17] EDIT asgn2/controllers/default.py: 0
[2017-02-27 06:48:18] EDIT asgn2/controllers/default.py: 0
[2017-02-27 06:50:29] EDIT asgn2/controllers/default.py: -1
[2017-02-27 06:50:50] EDIT asgn2/controllers/default.py: 0
[2017-02-27 06:51:20] EDIT asgn2/controllers/default.py: 0
[2017-02-27 06:54:25] EDIT asgn2/controllers/default.py: 0
[2017-02-27 06:56:25] EDIT asgn2/views/default/edit_post.html: 0
[2017-02-27 06:56:36] EDIT asgn2/views/default/edit_post.html: 0
[2017-02-27 06:59:25] EDIT asgn2/controllers/appadmin.py: 0
[2017-02-27 06:59:41] EDIT asgn2/controllers/appadmin.py: 0
[2017-02-27 06:59:43] EDIT asgn2/controllers/appadmin.py: 0
[2017-02-27 07:02:59] EDIT asgn2/controllers/default.py: 0
[2017-02-27 07:03:20] EDIT asgn2/controllers/default.py: 0
[2017-02-27 07:03:33] EDIT asgn2/controllers/default.py: 0
[2017-02-27 07:03:56] EDIT asgn2/controllers/default.py: 0
[2017-02-27 07:04:09] EDIT asgn2/controllers/default.py: 0
[2017-02-27 07:04:12] EDIT asgn2/controllers/default.py: 0
[2017-02-27 07:04:25] EDIT asgn2/controllers/default.py: 0
[2017-02-27 07:04:37] EDIT asgn2/controllers/default.py: 0
[2017-02-27 07:05:16] EDIT asgn2/views/default/edit_post.html: 0
[2017-02-27 07:05:25] EDIT asgn2/views/default/edit_post.html: 0
[2017-02-27 07:05:31] EDIT asgn2/views/default/edit_post.html: 0
[2017-02-27 07:05:37] EDIT asgn2/views/default/edit_post.html: 0
[2017-02-27 07:05:40] EDIT asgn2/views/default/edit_post.html: 0
[2017-02-27 07:06:03] EDIT asgn2/views/default/edit_post.html: 0
[2017-02-27 07:06:07] EDIT asgn2/views/default/edit_post.html: 0
[2017-02-27 07:07:47] EDIT asgn2/controllers/default.py: 1
[2017-02-27 07:07:53] EDIT asgn2/controllers/default.py: 0
[2017-02-27 07:09:48] EDIT asgn2/views/default/create_post.html: 0
[2017-02-27 07:10:03] EDIT asgn2/views/default/create_post.html: 0
[2017-02-27 07:10:20] EDIT asgn2/views/default/create_post.html: 0
[2017-02-27 07:11:17] EDIT asgn2/views/default/create_post.html: 11
[2017-02-27 07:11:25] EDIT asgn2/views/default/create_post.html: 0
[2017-02-27 07:11:40] EDIT asgn2/views/default/create_post.html: 0
[2017-02-27 07:15:12] EDIT asgn2/views/default/index.html: 0
[2017-02-27 07:16:17] EDIT asgn2/views/default/index.html: 0
[2017-02-27 07:16:20] EDIT asgn2/views/default/index.html: 0
[2017-02-27 07:16:20] EDIT asgn2/views/default/index.html: 0
[2017-02-27 07:16:21] EDIT asgn2/views/default/index.html: 0
[2017-02-27 07:16:21] EDIT asgn2/views/default/index.html: 0
[2017-02-27 07:16:36] EDIT asgn2/views/default/index.html: 0
[2017-02-27 07:16:37] EDIT asgn2/views/default/index.html: 0
[2017-02-27 07:16:39] EDIT asgn2/views/default/index.html: 0
[2017-02-27 07:25:55] EDIT asgn2/views/default/index.html: -1
[2017-02-27 07:25:56] EDIT asgn2/views/default/index.html: 0
[2017-02-27 07:25:56] EDIT asgn2/views/default/index.html: 0
[2017-02-27 07:25:58] EDIT asgn2/views/default/index.html: 0
[2017-03-06 22:54:24] EDIT asgn3/views/default/index.html: 1
[2017-03-06 22:56:48] EDIT asgn3/views/default/index.html: 1
[2017-03-06 22:57:01] EDIT asgn3/views/default/index.html: 1
[2017-03-06 22:59:16] EDIT asgn3/views/default/index.html: 0
[2017-03-06 23:01:11] EDIT asgn3/views/default/index.html: 0
[2017-03-06 23:03:40] EDIT asgn3/views/default/index.html: 0
[2017-03-06 23:04:51] EDIT asgn3/views/default/index.html: 0
[2017-03-06 23:05:39] EDIT asgn3/views/default/index.html: 0
[2017-03-06 23:08:34] EDIT asgn3/views/default/index.html: 0
[2017-03-06 23:10:23] EDIT asgn3/views/default/index.html: 0
[2017-03-06 23:10:54] EDIT asgn3/views/default/index.html: 0
[2017-03-06 23:11:07] EDIT asgn3/views/default/index.html: 0
[2017-03-06 23:12:00] EDIT asgn3/views/default/index.html: 0
[2017-03-06 23:12:30] EDIT asgn3/views/default/index.html: 0
[2017-03-06 23:12:31] EDIT asgn3/views/default/index.html: 0
[2017-03-06 23:12:56] EDIT asgn3/views/default/index.html: 0
[2017-03-06 23:12:59] EDIT asgn3/views/default/index.html: 0
[2017-03-06 23:13:19] EDIT asgn3/views/default/index.html: -1
[2017-03-06 23:14:28] EDIT asgn3/views/default/index.html: 0
[2017-03-06 23:14:30] EDIT asgn3/views/default/index.html: 0
[2017-03-06 23:15:01] EDIT asgn3/views/default/index.html: 1
[2017-03-06 23:15:20] EDIT asgn3/views/default/index.html: 0
[2017-03-06 23:15:55] EDIT asgn3/views/default/index.html: 0
[2017-03-06 23:16:22] EDIT asgn3/views/default/index.html: 0
[2017-03-06 23:16:54] EDIT asgn3/views/default/index.html: 0
[2017-03-06 23:16:55] EDIT asgn3/views/default/index.html: 0
[2017-03-06 23:17:05] EDIT asgn3/views/default/index.html: 0
[2017-03-06 23:17:17] EDIT asgn3/views/default/index.html: 0
[2017-03-06 23:17:25] EDIT asgn3/views/default/index.html: 0
[2017-03-06 23:17:37] EDIT asgn3/views/default/index.html: 0
[2017-03-06 23:18:26] EDIT asgn3/views/default/index.html: 0
[2017-03-06 23:18:34] EDIT asgn3/views/default/index.html: 0
[2017-03-06 23:19:44] EDIT asgn3/views/default/index.html: 0
[2017-03-06 23:19:45] EDIT asgn3/views/default/index.html: 0
[2017-03-06 23:20:00] EDIT asgn3/views/default/index.html: 0
[2017-03-06 23:20:13] EDIT asgn3/views/default/index.html: 0
[2017-03-06 23:26:18] EDIT asgn3/views/default/index.html: 0
[2017-03-06 23:26:25] EDIT asgn3/views/default/index.html: 0
[2017-03-06 23:27:15] EDIT asgn3/views/default/index.html: 0
[2017-03-06 23:28:02] EDIT asgn3/views/default/index.html: 0
[2017-03-06 23:32:36] EDIT asgn3/views/default/index.html: 0
[2017-03-06 23:32:43] EDIT asgn3/views/default/index.html: 0
[2017-03-06 23:33:02] EDIT asgn3/views/default/index.html: 0
[2017-03-06 23:33:13] EDIT asgn3/views/default/index.html: 0
[2017-03-06 23:33:44] EDIT asgn3/views/default/index.html: 0
[2017-03-06 23:33:51] EDIT asgn3/views/default/index.html: 0
[2017-03-06 23:34:12] EDIT asgn3/views/default/index.html: 0
[2017-03-06 23:34:22] EDIT asgn3/views/default/index.html: 0
[2017-03-06 23:34:38] EDIT asgn3/views/default/index.html: 0
[2017-03-06 23:34:49] EDIT asgn3/views/default/index.html: 0
[2017-03-06 23:34:56] EDIT asgn3/views/default/index.html: 0
[2017-03-06 23:35:06] EDIT asgn3/views/default/index.html: 0
[2017-03-06 23:35:15] EDIT asgn3/views/default/index.html: 0
[2017-03-06 23:35:29] EDIT asgn3/views/default/index.html: 0
[2017-03-06 23:35:58] EDIT asgn3/views/default/index.html: 0
[2017-03-06 23:36:13] EDIT asgn3/views/default/index.html: 0
[2017-03-06 23:36:24] EDIT asgn3/views/default/index.html: 0
[2017-03-06 23:37:06] EDIT asgn3/views/default/index.html: 0
[2017-03-06 23:40:22] EDIT asgn3/views/default/index.html: 0
[2017-03-06 23:40:31] EDIT asgn3/views/default/index.html: 0
[2017-03-06 23:40:55] EDIT asgn3/views/default/index.html: 0
[2017-03-06 23:41:06] EDIT asgn3/views/default/index.html: 0
[2017-03-06 23:42:42] EDIT asgn3/views/default/index.html: 0
[2017-03-06 23:43:11] EDIT asgn3/views/default/index.html: 0
[2017-03-06 23:43:16] EDIT asgn3/views/default/index.html: 0
[2017-03-06 23:44:23] EDIT asgn3/views/default/index.html: -1
[2017-03-06 23:44:34] EDIT asgn3/views/default/index.html: 1
[2017-03-06 23:44:46] EDIT asgn3/views/default/index.html: 0
[2017-03-06 23:45:15] EDIT asgn3/views/default/index.html: 0
[2017-03-06 23:45:26] EDIT asgn3/views/default/index.html: 0
[2017-03-06 23:47:09] EDIT asgn3/views/default/index.html: 0
[2017-03-06 23:47:32] EDIT asgn3/views/default/index.html: 0
[2017-03-06 23:47:41] EDIT asgn3/views/default/index.html: 0
[2017-03-06 23:47:45] EDIT asgn3/views/default/index.html: 0
[2017-03-06 23:47:48] EDIT asgn3/views/default/index.html: 0
[2017-03-06 23:47:58] EDIT asgn3/views/default/index.html: 0
[2017-03-06 23:48:06] EDIT asgn3/views/default/index.html: 0
[2017-03-06 23:48:40] EDIT asgn3/views/default/index.html: 1
[2017-03-06 23:48:58] EDIT asgn3/views/default/index.html: 1
[2017-03-06 23:49:08] EDIT asgn3/views/default/index.html: 0
[2017-03-06 23:49:54] EDIT asgn3/views/default/index.html: 0
[2017-03-06 23:50:39] EDIT asgn3/views/default/index.html: 0
[2017-03-06 23:50:42] EDIT asgn3/views/default/index.html: 0
[2017-03-06 23:50:47] EDIT asgn3/views/default/index.html: 0
[2017-03-06 23:51:01] EDIT asgn3/views/default/index.html: 0
[2017-03-06 23:51:08] EDIT asgn3/views/default/index.html: 0
[2017-03-06 23:51:26] EDIT asgn3/views/default/index.html: 0
[2017-03-06 23:51:29] EDIT asgn3/views/default/index.html: 0
[2017-03-06 23:52:25] EDIT asgn3/views/default/index.html: 0
[2017-03-06 23:52:47] EDIT asgn3/views/default/index.html: 0
[2017-03-06 23:53:10] EDIT asgn3/views/default/index.html: 0
[2017-03-06 23:53:23] EDIT asgn3/views/default/index.html: 0
[2017-03-06 23:53:37] EDIT asgn3/views/default/index.html: -1
[2017-03-06 23:53:59] EDIT asgn3/views/default/index.html: 0
[2017-03-06 23:54:48] EDIT asgn3/views/default/index.html: 0
[2017-03-06 23:55:11] EDIT asgn3/views/default/index.html: -1
[2017-03-06 23:55:36] EDIT asgn3/views/default/index.html: 0
[2017-03-06 23:56:31] EDIT asgn3/views/default/index.html: 0
[2017-03-06 23:56:43] EDIT asgn3/views/default/index.html: 0
[2017-03-06 23:56:47] EDIT asgn3/views/default/index.html: 0
[2017-03-06 23:56:51] EDIT asgn3/views/default/index.html: 0
[2017-03-06 23:57:21] EDIT asgn3/views/default/index.html: 1
[2017-03-06 23:57:30] EDIT asgn3/views/default/index.html: 0
[2017-03-06 23:57:44] EDIT asgn3/views/default/index.html: 0
[2017-03-06 23:57:47] EDIT asgn3/views/default/index.html: 0
[2017-03-07 00:00:40] EDIT asgn3/views/default/index.html: -1
[2017-03-07 00:00:55] EDIT asgn3/views/default/index.html: 1
[2017-03-07 00:01:08] EDIT asgn3/views/default/index.html: 1
[2017-03-07 00:01:08] EDIT asgn3/views/default/index.html: 0
[2017-03-07 00:03:09] EDIT asgn3/views/default/index.html: -1
[2017-03-07 00:04:20] EDIT asgn3/views/default/index.html: 0
[2017-03-07 00:04:40] EDIT asgn3/views/default/index.html: 0
[2017-03-07 00:06:14] EDIT asgn3/views/default/index.html: 1
[2017-03-07 00:06:23] EDIT asgn3/views/default/index.html: 0
[2017-03-07 00:06:33] EDIT asgn3/views/default/index.html: 0
[2017-03-07 00:06:42] EDIT asgn3/views/default/index.html: 0
[2017-03-07 00:06:44] EDIT asgn3/views/default/index.html: 0
[2017-03-07 00:06:58] EDIT asgn3/views/default/index.html: 0
[2017-03-07 00:07:04] EDIT asgn3/views/default/index.html: 0
[2017-03-07 00:07:41] EDIT asgn3/views/default/index.html: 0
[2017-03-07 00:07:48] EDIT asgn3/views/default/index.html: 0
[2017-03-07 00:08:27] EDIT asgn3/views/default/index.html: 0
[2017-03-07 00:12:24] EDIT asgn3/views/default/index.html: 0
[2017-03-07 00:12:36] EDIT asgn3/views/default/index.html: 0
[2017-03-07 00:12:40] EDIT asgn3/views/default/index.html: 0
[2017-03-07 00:13:08] EDIT asgn3/views/default/index.html: 0
[2017-03-07 00:13:20] EDIT asgn3/views/default/index.html: 0
[2017-03-07 00:13:47] EDIT asgn3/views/default/index.html: 0
[2017-03-07 00:14:08] EDIT asgn3/views/default/index.html: 0
[2017-03-07 00:14:32] EDIT asgn3/views/default/index.html: 0
[2017-03-07 00:14:58] EDIT asgn3/views/default/index.html: 0
[2017-03-07 00:15:32] EDIT asgn3/views/default/index.html: 0
[2017-03-07 00:15:43] EDIT asgn3/views/default/index.html: 0
[2017-03-07 00:15:51] EDIT asgn3/views/default/index.html: 0
[2017-03-07 00:16:18] EDIT asgn3/views/default/index.html: 0
[2017-03-07 00:17:05] EDIT asgn3/views/default/index.html: 0
[2017-03-07 00:17:23] EDIT asgn3/views/default/index.html: 0
[2017-03-07 00:17:32] EDIT asgn3/views/default/index.html: 0
[2017-03-07 00:17:54] EDIT asgn3/views/default/index.html: -2
[2017-03-07 00:18:05] EDIT asgn3/views/default/index.html: 0
[2017-03-07 00:18:23] EDIT asgn3/views/default/index.html: -2
[2017-03-07 00:18:38] EDIT asgn3/views/default/index.html: 0
[2017-03-07 00:18:40] EDIT asgn3/views/default/index.html: 0
[2017-03-07 00:18:53] EDIT asgn3/views/default/index.html: 0
[2017-03-07 06:18:33] EDIT asgn3/views/default/index.html: 2
[2017-03-07 06:18:55] EDIT asgn3/views/default/index.html: 1
[2017-03-07 06:24:28] EDIT asgn3/views/default/index.html: 0
[2017-03-07 06:24:55] EDIT asgn3/views/default/index.html: 0
[2017-03-07 06:25:28] EDIT asgn3/views/default/index.html: 0
[2017-03-07 06:25:51] EDIT asgn3/views/default/index.html: 0
[2017-03-07 06:26:26] EDIT asgn3/views/default/index.html: 0
[2017-03-07 06:26:29] EDIT asgn3/views/default/index.html: 0
[2017-03-07 06:27:25] EDIT asgn3/views/default/index.html: 0
[2017-03-07 06:27:30] EDIT asgn3/views/default/index.html: 0
[2017-03-07 06:28:16] EDIT asgn3/views/default/index.html: 0
[2017-03-07 06:28:32] EDIT asgn3/views/default/index.html: 0
[2017-03-07 06:28:41] EDIT asgn3/views/default/index.html: -1
[2017-03-07 06:29:33] EDIT asgn3/views/default/index.html: 1
[2017-03-07 06:30:04] EDIT asgn3/views/default/index.html: 0
[2017-03-07 06:30:48] EDIT asgn3/views/default/index.html: -1
[2017-03-07 06:30:54] EDIT asgn3/views/default/index.html: 0
[2017-03-07 06:31:17] EDIT asgn3/views/default/index.html: 0
[2017-03-07 06:32:36] EDIT asgn3/views/default/index.html: 0
[2017-03-07 06:34:15] EDIT asgn3/views/default/index.html: 1
[2017-03-07 06:34:37] EDIT asgn3/views/default/index.html: 0
[2017-03-07 06:34:39] EDIT asgn3/views/default/index.html: 0
[2017-03-07 06:34:41] EDIT asgn3/views/default/index.html: 0
[2017-03-07 06:34:46] EDIT asgn3/views/default/index.html: 0
[2017-03-07 06:34:49] EDIT asgn3/views/default/index.html: 0
[2017-03-07 06:34:49] EDIT asgn3/views/default/index.html: 0
[2017-03-07 06:35:39] EDIT asgn3/views/default/index.html: 0
[2017-03-07 06:36:00] EDIT asgn3/views/default/index.html: 0
[2017-03-07 06:36:33] EDIT asgn3/views/default/index.html: 0
[2017-03-07 06:36:45] EDIT asgn3/views/default/index.html: 0
[2017-03-07 06:36:55] EDIT asgn3/views/default/index.html: 0
[2017-03-07 06:36:55] EDIT asgn3/views/default/index.html: 0
[2017-03-07 06:36:56] EDIT asgn3/views/default/index.html: 0
[2017-03-07 06:37:31] EDIT asgn3/views/default/index.html: 1
[2017-03-07 06:37:49] EDIT asgn3/views/default/index.html: 0
[2017-03-07 06:38:08] EDIT asgn3/views/default/index.html: 0
[2017-03-07 06:38:23] EDIT asgn3/views/default/index.html: 0
[2017-03-07 06:38:26] EDIT asgn3/views/default/index.html: -1
[2017-03-07 06:38:43] EDIT asgn3/views/default/index.html: 0
[2017-03-07 06:38:43] EDIT asgn3/views/default/index.html: 0
[2017-03-07 06:39:10] EDIT asgn3/views/default/index.html: 0
[2017-03-07 06:39:35] EDIT asgn3/views/default/index.html: 0
[2017-03-07 06:39:35] EDIT asgn3/views/default/index.html: 0
[2017-03-07 06:40:09] EDIT asgn3/views/default/index.html: 0
[2017-03-07 06:40:42] EDIT asgn3/views/default/index.html: 0
[2017-03-07 06:40:45] EDIT asgn3/views/default/index.html: 0
[2017-03-07 06:41:48] EDIT asgn3/views/default/index.html: 0
[2017-03-07 06:42:01] EDIT asgn3/views/default/index.html: 0
[2017-03-07 06:42:13] EDIT asgn3/views/default/index.html: 0
[2017-03-07 06:42:20] EDIT asgn3/views/default/index.html: 0
[2017-03-07 06:47:10] EDIT asgn3/views/default/index.html: 0
[2017-03-07 06:47:30] EDIT asgn3/views/default/index.html: 0
[2017-03-07 06:47:49] EDIT asgn3/views/default/index.html: 0
[2017-03-07 06:49:05] EDIT asgn3/views/default/index.html: 0
[2017-03-07 06:50:09] EDIT asgn3/views/default/index.html: 0
[2017-03-07 06:50:39] EDIT asgn3/views/default/index.html: 0
[2017-03-07 06:50:48] EDIT asgn3/views/default/index.html: 0
[2017-03-07 06:51:01] EDIT asgn3/views/default/index.html: 0
[2017-03-07 06:51:28] EDIT asgn3/views/default/index.html: 0
[2017-03-07 06:51:54] EDIT asgn3/views/default/index.html: 0
[2017-03-07 06:51:58] EDIT asgn3/views/default/index.html: 0
[2017-03-07 06:52:24] EDIT asgn3/views/default/index.html: 0
[2017-03-07 06:52:38] EDIT asgn3/views/default/index.html: 0
[2017-03-07 06:52:49] EDIT asgn3/views/default/index.html: 0
[2017-03-07 06:53:12] EDIT asgn3/views/default/index.html: 0
[2017-03-07 06:53:52] EDIT asgn3/views/default/index.html: 0
[2017-03-07 06:54:27] EDIT asgn3/views/default/index.html: 0
[2017-03-07 06:55:17] EDIT asgn3/views/default/index.html: 0
[2017-03-07 06:55:29] EDIT asgn3/views/default/index.html: 0
[2017-03-07 06:55:37] EDIT asgn3/views/default/index.html: 0
[2017-03-07 06:55:47] EDIT asgn3/views/default/index.html: 0
[2017-03-07 06:55:50] EDIT asgn3/views/default/index.html: 0
[2017-03-07 06:57:54] EDIT asgn3/views/default/index.html: 0
[2017-03-07 06:58:01] EDIT asgn3/views/default/index.html: 0
[2017-03-07 06:58:12] EDIT asgn3/views/default/index.html: 0
[2017-03-07 06:59:12] EDIT asgn3/views/default/index.html: 0
[2017-03-07 06:59:32] EDIT asgn3/views/default/index.html: 0
[2017-03-07 07:00:12] EDIT asgn3/views/default/index.html: 0
[2017-03-07 07:00:26] EDIT asgn3/views/default/index.html: 0
[2017-03-07 07:00:47] EDIT asgn3/views/default/index.html: 0
[2017-03-07 07:01:37] EDIT asgn3/views/default/index.html: 0
[2017-03-07 07:01:46] EDIT asgn3/views/default/index.html: 0
[2017-03-07 07:01:58] EDIT asgn3/views/default/index.html: -1
[2017-03-07 07:02:08] EDIT asgn3/views/default/index.html: 1
[2017-03-07 07:02:30] EDIT asgn3/views/default/index.html: -1
[2017-03-07 07:02:41] EDIT asgn3/views/default/index.html: 1
[2017-03-07 07:03:01] EDIT asgn3/views/default/index.html: 0
[2017-03-07 07:03:14] EDIT asgn3/views/default/index.html: 0
[2017-03-07 07:03:15] EDIT asgn3/views/default/index.html: 0
[2017-03-07 07:03:33] EDIT asgn3/views/default/index.html: 0
[2017-03-07 07:03:33] EDIT asgn3/views/default/index.html: 0
[2017-03-07 07:04:48] EDIT asgn3/views/default/index.html: 0
[2017-03-07 07:05:00] EDIT asgn3/views/default/index.html: 0
[2017-03-07 07:05:11] EDIT asgn3/views/default/index.html: 0
[2017-03-07 07:05:40] EDIT asgn3/views/default/index.html: 0
[2017-03-07 07:05:42] EDIT asgn3/views/default/index.html: 0
[2017-03-07 07:05:57] EDIT asgn3/views/default/index.html: 0
[2017-03-07 07:06:01] EDIT asgn3/views/default/index.html: 0
[2017-03-07 07:06:39] EDIT asgn3/views/default/index.html: 0
[2017-03-07 07:06:40] EDIT asgn3/views/default/index.html: 0
[2017-03-07 07:06:50] EDIT asgn3/views/default/index.html: 0
[2017-03-07 07:06:58] EDIT asgn3/views/default/index.html: 0
[2017-03-07 07:07:16] EDIT asgn3/views/default/index.html: 0
[2017-03-07 07:07:48] EDIT asgn3/views/default/index.html: 0
[2017-03-07 07:07:49] EDIT asgn3/views/default/index.html: 0
[2017-03-07 07:07:52] EDIT asgn3/views/default/index.html: 0
[2017-03-07 07:07:58] EDIT asgn3/views/default/index.html: 0
[2017-03-07 07:09:22] EDIT asgn3/views/default/index.html: 0
[2017-03-07 07:09:22] EDIT asgn3/views/default/index.html: 0
[2017-03-07 07:09:43] EDIT asgn3/views/default/index.html: 0
[2017-03-07 07:09:52] EDIT asgn3/views/default/index.html: 0
[2017-03-07 07:11:59] EDIT asgn3/views/default/index.html: 0
[2017-03-07 07:12:23] EDIT asgn3/views/default/index.html: 0
[2017-03-07 07:12:24] EDIT asgn3/views/default/index.html: 0
[2017-03-07 07:12:33] EDIT asgn3/views/default/index.html: 0
[2017-03-07 07:12:55] EDIT asgn3/views/default/index.html: 0
[2017-03-07 07:13:07] EDIT asgn3/views/default/index.html: 0
[2017-03-07 07:13:16] EDIT asgn3/views/default/index.html: 0
[2017-03-07 07:13:42] EDIT asgn3/views/default/index.html: 0
[2017-03-07 07:13:49] EDIT asgn3/views/default/index.html: 0
[2017-03-07 07:13:53] EDIT asgn3/views/default/index.html: 0
[2017-03-07 07:13:56] EDIT asgn3/views/default/index.html: 0
[2017-03-07 07:13:56] EDIT asgn3/views/default/index.html: 0
[2017-03-07 07:14:10] EDIT asgn3/views/default/index.html: 1
[2017-03-07 07:14:22] EDIT asgn3/views/default/index.html: 0
[2017-03-07 07:14:33] EDIT asgn3/views/default/index.html: 0
[2017-03-07 07:14:33] EDIT asgn3/views/default/index.html: 0
[2017-03-07 07:14:46] EDIT asgn3/views/default/index.html: 0
[2017-03-07 07:14:47] EDIT asgn3/views/default/index.html: 0
[2017-03-07 07:14:47] EDIT asgn3/views/default/index.html: 0
