[2017-02-08 15:24:14] START
[2017-02-08 15:24:20] DELETE Sprint1/models/menu.py: -121
[2017-02-08 15:27:36] EDIT Sprint1/models/db.py: -9
[2017-02-08 15:27:49] EDIT Sprint1/models/db.py: 0
[2017-02-08 15:29:08] EDIT Sprint1/models/db.py: 6
[2017-02-08 15:33:10] EDIT Sprint1/models/db.py: -4
[2017-02-08 15:33:16] EDIT Sprint1/models/db.py: 0
[2017-02-08 15:33:17] EDIT Sprint1/models/db.py: 0
[2017-02-08 15:33:22] EDIT Sprint1/models/db.py: -1
[2017-02-08 15:33:33] EDIT Sprint1/models/db.py: 0
[2017-02-08 15:35:44] EDIT Sprint1/models/db.py: 0
[2017-02-08 15:49:20] EDIT Sprint1/controllers/default.py: -30
[2017-02-08 15:49:32] EDIT Sprint1/controllers/default.py: 0
[2017-02-08 15:50:39] EDIT Sprint1/views/default/index.html: -42
[2017-02-08 15:51:05] EDIT Sprint1/views/default/index.html: 0
[2017-02-08 15:51:58] CREATE default/create.html: 0
[2017-02-08 15:52:23] EDIT Sprint1/views/default/create.html: 0
[2017-02-08 15:52:45] EDIT Sprint1/views/default/create.html: 0
[2017-02-08 15:56:01] EDIT Sprint1/controllers/default.py: 3
[2017-02-08 16:11:22] CREATE default/show.html: 0
[2017-02-08 16:12:36] EDIT Sprint1/views/default/show.html: 3
[2017-02-08 16:13:25] EDIT Sprint1/controllers/default.py: 6
[2017-02-08 16:14:08] EDIT Sprint1/views/default/show.html: 6
[2017-02-08 16:18:05] EDIT Sprint1/controllers/default.py: 6
[2017-02-08 16:19:07] CREATE default/edit.html: 0
[2017-02-08 16:19:36] CREATE default/download.html: 0
[2017-02-08 16:19:47] CREATE default/documents.html: 0
[2017-02-08 16:20:08] EDIT Sprint1/views/default/edit.html: 2
[2017-02-08 16:20:54] EDIT Sprint1/controllers/default.py: 2
[2017-02-08 16:21:55] EDIT Sprint1/views/default/show.html: 0
[2017-02-08 16:22:05] EDIT Sprint1/views/default/show.html: 0
[2017-02-08 16:22:31] EDIT Sprint1/views/default/show.html: 0
[2017-02-08 16:22:54] EDIT Sprint1/views/default/show.html: 0
[2017-02-08 16:26:24] EDIT Sprint1/views/default/show.html: 1
[2017-02-08 16:30:26] EDIT Sprint1/controllers/default.py: 2
[2017-02-08 16:32:03] EDIT Sprint1/controllers/default.py: 7
[2017-02-08 16:32:13] EDIT Sprint1/controllers/default.py: 0
[2017-02-08 16:32:25] EDIT Sprint1/controllers/default.py: -5
[2017-02-08 16:32:58] EDIT Sprint1/views/default/documents.html: 2
[2017-02-08 16:33:05] EDIT Sprint1/views/default/documents.html: 0
[2017-02-08 16:34:01] EDIT Sprint1/models/db.py: 8
[2017-02-08 16:34:26] EDIT Sprint1/models/db.py: 0
[2017-02-08 16:36:12] EDIT Sprint1/controllers/default.py: 2
[2017-02-08 16:39:08] EDIT Sprint1/views/default/index.html: 0
[2017-02-08 16:39:24] EDIT Sprint1/views/default/create.html: 0
[2017-02-08 16:39:37] EDIT Sprint1/views/default/create.html: 0
[2017-02-08 16:40:46] EDIT Sprint1/views/default/index.html: 0
[2017-02-08 16:41:04] EDIT Sprint1/views/default/index.html: 0
[2017-02-08 16:44:15] EDIT Sprint1/views/default/index.html: 0
[2017-02-08 16:44:52] EDIT Sprint1/views/default/index.html: 0
[2017-02-08 16:45:24] EDIT Sprint1/controllers/default.py: 0
[2017-02-08 16:45:53] EDIT Sprint1/views/default/index.html: 0
[2017-02-08 16:46:08] EDIT Sprint1/views/default/index.html: 0
[2017-02-08 16:46:34] EDIT Sprint1/views/default/index.html: 0
[2017-02-08 16:47:06] EDIT Sprint1/controllers/default.py: 0
[2017-02-08 16:49:32] EDIT Sprint1/views/default/index.html: 0
[2017-02-08 16:50:52] CREATE default/projects.html: 0
[2017-02-08 16:54:42] EDIT Sprint1/controllers/default.py: 3
[2017-02-08 16:55:09] EDIT Sprint1/views/default/projects.html: 2
[2017-02-08 16:56:44] EDIT Sprint1/controllers/default.py: 3
[2017-02-08 16:58:06] CREATE default/createPerson.html: 0
[2017-02-08 16:58:11] DELETE Sprint1/views/default/create.html: -3
[2017-02-08 16:58:25] CREATE default/createProject.html: 0
[2017-02-08 16:58:40] EDIT Sprint1/views/default/createPerson.html: 0
[2017-02-08 16:58:51] EDIT Sprint1/views/default/createProject.html: 0
[2017-02-08 16:59:24] EDIT Sprint1/controllers/default.py: 0
[2017-02-08 17:00:20] EDIT Sprint1/controllers/default.py: 0
[2017-02-08 17:04:07] EDIT Sprint1/controllers/default.py: 2
[2017-02-08 17:08:11] EDIT Sprint1/controllers/default.py: 5
[2017-02-08 17:11:11] EDIT Sprint1/controllers/default.py: -3
[2017-02-08 17:11:37] EDIT Sprint1/controllers/default.py: 0
[2017-02-08 17:12:57] EDIT Sprint1/views/default/projects.html: -2
[2017-02-08 17:14:44] EDIT Sprint1/views/default/projects.html: 1
[2017-02-08 17:16:02] EDIT Sprint1/controllers/default.py: 0
[2017-02-08 17:16:08] EDIT Sprint1/controllers/default.py: 0
[2017-02-08 17:16:27] EDIT Sprint1/controllers/default.py: 0
[2017-02-08 17:17:24] EDIT Sprint1/controllers/default.py: 0
[2017-02-08 17:17:32] EDIT Sprint1/controllers/default.py: 0
[2017-02-08 17:17:57] EDIT Sprint1/views/default/projects.html: 0
[2017-02-08 17:18:59] EDIT Sprint1/models/db.py: 0
[2017-02-08 17:19:13] EDIT Sprint1/models/db.py: 0
[2017-02-08 17:20:39] EDIT Sprint1/models/db.py: 1
[2017-02-08 17:20:54] EDIT Sprint1/models/db.py: 0
[2017-02-08 17:24:24] EDIT Sprint1/views/default/index.html: 0
[2017-02-08 17:26:35] EDIT Sprint1/controllers/default.py: 0
[2017-02-08 17:28:37] EDIT Sprint1/views/default/projects.html: 3
[2017-02-08 17:29:49] EDIT Sprint1/views/default/projects.html: 0
[2017-02-08 17:31:04] EDIT Sprint1/views/default/projects.html: 0
[2017-02-08 17:31:07] EDIT Sprint1/views/default/projects.html: 0
[2017-02-08 17:31:52] EDIT Sprint1/controllers/default.py: 0
[2017-02-08 17:32:22] EDIT Sprint1/controllers/default.py: 0
[2017-02-08 17:32:38] EDIT Sprint1/controllers/default.py: 0
[2017-02-08 17:34:00] EDIT Sprint1/controllers/default.py: 1
[2017-02-08 17:35:05] EDIT Sprint1/controllers/default.py: 0
[2017-02-08 17:56:22] EDIT Sprint1/models/db.py: 1
[2017-02-08 17:58:03] EDIT Sprint1/views/default/show.html: 2
[2017-02-08 17:58:33] EDIT Sprint1/views/default/show.html: 0
[2017-02-08 17:58:35] EDIT Sprint1/models/db.py: 0
[2017-02-10 08:59:49] EDIT Sprint1/models/db.py: -1
[2017-02-10 09:01:44] EDIT Sprint1/models/db.py: 1
[2017-02-10 09:05:12] EDIT Sprint1/controllers/default.py: 0
[2017-02-10 09:06:03] EDIT Sprint1/controllers/default.py: 0
[2017-02-10 09:06:32] EDIT Sprint1/controllers/default.py: 0
[2017-02-13 19:16:52] EDIT Sprint1/models/db.py: 1
[2017-02-13 19:17:39] EDIT Sprint1/models/db.py: 1
[2017-02-13 19:20:01] EDIT Sprint1/views/default/show.html: 3
[2017-02-13 19:20:18] EDIT Sprint1/views/default/show.html: 0
[2017-02-13 19:20:48] EDIT Sprint1/views/default/show.html: 0
[2017-02-13 19:21:15] EDIT Sprint1/models/db.py: 0
[2017-02-13 19:24:54] EDIT Sprint1/models/db.py: -1
[2017-02-13 19:25:02] EDIT Sprint1/models/db.py: 0
[2017-02-13 19:27:19] EDIT Sprint1/models/db.py: 1
[2017-02-13 19:27:32] EDIT Sprint1/models/db.py: 0
[2017-02-13 19:27:51] EDIT Sprint1/models/db.py: 0
[2017-02-13 19:28:03] EDIT Sprint1/models/db.py: 0
[2017-02-13 19:28:19] EDIT Sprint1/models/db.py: 0
[2017-02-13 19:28:32] EDIT Sprint1/models/db.py: 0
[2017-02-13 19:29:34] EDIT Sprint1/models/db.py: 0
[2017-02-13 19:29:55] EDIT Sprint1/models/db.py: 0
[2017-02-13 19:33:05] EDIT Sprint1/models/db.py: 0
[2017-02-13 19:33:31] EDIT Sprint1/models/db.py: 0
[2017-02-13 19:34:23] EDIT Sprint1/models/db.py: 1
[2017-02-13 19:34:36] EDIT Sprint1/models/db.py: 0
[2017-02-13 19:34:52] EDIT Sprint1/models/db.py: 0
[2017-02-13 19:35:09] EDIT Sprint1/models/db.py: 0
[2017-02-13 19:35:32] EDIT Sprint1/models/db.py: 0
[2017-02-13 19:37:04] EDIT Sprint1/models/db.py: 0
[2017-02-13 19:39:01] EDIT Sprint1/views/default/show.html: 0
[2017-02-13 19:39:12] EDIT Sprint1/models/db.py: 0
[2017-02-13 19:39:30] EDIT Sprint1/views/default/show.html: 0
[2017-02-13 19:39:32] EDIT Sprint1/views/default/show.html: 0
[2017-02-13 19:39:54] EDIT Sprint1/views/default/show.html: 0
[2017-02-13 19:40:51] EDIT Sprint1/views/default/show.html: 0
[2017-02-13 19:43:40] EDIT Sprint1/views/default/show.html: 0
[2017-02-13 19:44:14] EDIT Sprint1/views/default/show.html: 0
[2017-02-13 19:45:43] EDIT Sprint1/views/default/show.html: 0
[2017-02-13 19:46:10] EDIT Sprint1/views/default/show.html: 0
[2017-02-13 19:46:33] EDIT Sprint1/views/default/show.html: 0
[2017-02-13 19:46:58] EDIT Sprint1/views/default/show.html: 0
[2017-02-13 19:47:15] EDIT Sprint1/views/default/show.html: 0
[2017-02-13 19:47:23] EDIT Sprint1/views/default/show.html: 0
[2017-02-13 19:48:06] EDIT Sprint1/views/default/show.html: 1
[2017-02-13 19:53:11] EDIT Sprint1/views/default/show.html: 0
[2017-02-13 19:53:17] EDIT Sprint1/views/default/show.html: 0
[2017-02-13 19:53:26] EDIT Sprint1/views/default/show.html: 0
[2017-02-13 19:54:06] EDIT Sprint1/views/default/show.html: 0
[2017-02-13 19:57:01] EDIT Sprint1/models/db.py: -2
[2017-02-13 20:08:55] EDIT Sprint1/models/db.py: 1
[2017-02-13 20:09:08] EDIT Sprint1/views/default/show.html: 0
[2017-02-13 20:09:50] EDIT Sprint1/models/db.py: -1
[2017-02-13 20:10:02] EDIT Sprint1/views/default/show.html: 0
[2017-02-13 20:13:39] EDIT Sprint1/views/default/show.html: 1
[2017-02-13 20:14:07] EDIT Sprint1/views/default/show.html: 0
[2017-02-13 20:15:38] EDIT Sprint1/views/default/show.html: 0
[2017-02-13 20:15:52] EDIT Sprint1/views/default/show.html: 0
[2017-02-13 20:16:03] EDIT Sprint1/views/default/show.html: -1
[2017-02-13 20:18:23] EDIT Sprint1/models/db.py: 0
[2017-02-13 20:20:57] EDIT Sprint1/models/db.py: 0
[2017-02-13 20:21:32] EDIT Sprint1/views/default/show.html: 0
[2017-02-13 20:22:21] EDIT Sprint1/views/default/show.html: -1
[2017-02-13 20:23:00] EDIT Sprint1/views/default/show.html: 1
[2017-02-13 20:25:57] EDIT Sprint1/views/default/show.html: 2
[2017-02-13 20:26:22] EDIT Sprint1/views/default/show.html: -1
[2017-02-13 20:26:39] EDIT Sprint1/views/default/show.html: 0
[2017-02-13 20:27:29] EDIT Sprint1/views/default/show.html: -1
[2017-02-13 20:27:33] EDIT Sprint1/views/default/show.html: 0
[2017-02-13 20:33:05] EDIT Sprint1/views/default/show.html: 3
[2017-02-13 20:33:34] EDIT Sprint1/views/default/show.html: 0
[2017-02-13 20:33:56] EDIT Sprint1/models/db.py: 1
[2017-02-13 20:40:56] EDIT Sprint1/models/db.py: 1
[2017-02-13 20:41:33] EDIT Sprint1/models/db.py: -1
[2017-02-13 20:44:39] EDIT Sprint1/views/default/createProject.html: 2
[2017-02-13 20:45:02] EDIT Sprint1/views/default/createProject.html: 1
[2017-02-13 20:45:12] EDIT Sprint1/views/default/createProject.html: 0
[2017-02-13 20:45:37] EDIT Sprint1/views/default/createProject.html: 0
[2017-02-13 21:10:17] EDIT Sprint1/views/default/projects.html: 0
[2017-02-17 16:39:51] EDIT Sprint1/models/db.py: 5
[2017-02-17 16:42:11] EDIT Sprint1/models/db.py: 0
[2017-02-17 16:45:15] EDIT Sprint1/models/db.py: -2
[2017-02-17 16:45:54] EDIT Sprint1/models/db.py: 1
[2017-02-17 16:46:49] EDIT Sprint1/models/db.py: 0
[2017-02-17 16:48:48] EDIT Sprint1/models/db.py: 0
[2017-02-17 16:49:40] EDIT Sprint1/models/db.py: 0
[2017-02-17 16:58:04] EDIT Sprint1/models/db.py: 1
[2017-02-17 16:58:09] EDIT Sprint1/models/db.py: 0
[2017-02-17 16:58:49] EDIT Sprint1/models/db.py: 0
[2017-02-17 16:59:04] EDIT Sprint1/models/db.py: 0
[2017-02-17 16:59:27] EDIT Sprint1/models/db.py: 0
[2017-02-17 17:01:42] EDIT Sprint1/models/db.py: 0
[2017-02-17 17:04:08] EDIT Sprint1/views/default/show.html: 1
[2017-02-17 17:05:08] EDIT Sprint1/views/default/show.html: 0
[2017-02-27 09:57:19] CREATE menu.py: 0
[2017-02-27 09:57:31] EDIT Sprint1/models/menu.py: 117
[2017-02-27 09:59:56] EDIT Sprint1/models/menu.py: 0
[2017-02-27 10:00:45] EDIT Sprint1/models/menu.py: -105
[2017-02-27 10:00:56] EDIT Sprint1/models/menu.py: 0
[2017-03-07 18:44:16] EDIT Sprint1/models/db.py: 0
[2017-03-09 12:17:31] EDIT Sprint1/models/db.py: -1
[2017-03-09 12:18:19] EDIT Sprint1/models/db.py: -4
[2017-03-09 12:19:56] EDIT Sprint1/views/default/index.html: -4
[2017-03-09 12:27:26] EDIT Sprint1/models/db.py: 1
[2017-03-09 12:31:35] EDIT Sprint1/models/db.py: 1
[2017-03-09 12:32:09] EDIT Sprint1/controllers/default.py: 0
[2017-03-09 12:32:11] EDIT Sprint1/models/db.py: 0
[2017-03-09 12:34:17] EDIT Sprint1/models/db.py: 1
[2017-03-09 12:34:19] EDIT Sprint1/models/db.py: 0
[2017-03-09 12:37:32] EDIT Sprint1/models/db.py: 0
[2017-03-09 12:46:52] DELETE Sprint1/views/default/createPerson.html: -3
[2017-03-09 12:48:28] CREATE default/feed.html: 0
[2017-03-09 12:48:35] EDIT Sprint1/views/default/feed.html: 48
[2017-03-09 12:49:06] EDIT Sprint1/views/default/projects.html: 0
[2017-03-09 12:49:38] EDIT Sprint1/views/default/index.html: 0
[2017-03-09 13:20:37] EDIT Sprint1/controllers/default.py: 3
[2017-03-09 13:22:59] EDIT Sprint1/controllers/default.py: 0
[2017-03-09 13:24:05] EDIT Sprint1/controllers/default.py: 7
[2017-03-09 13:26:53] EDIT Sprint1/controllers/default.py: 0
[2017-03-09 13:26:55] EDIT Sprint1/controllers/default.py: 0
[2017-03-09 13:28:33] EDIT Sprint1/views/default/index.html: 1
[2017-03-09 14:46:25] EDIT Sprint1/models/menu.py: 0
[2017-03-09 14:46:37] EDIT Sprint1/models/menu.py: 0
[2017-03-09 14:46:57] EDIT Sprint1/models/menu.py: 0
[2017-03-09 14:47:08] EDIT Sprint1/models/menu.py: 0
[2017-03-09 14:53:17] CREATE css/logo.css: 0
[2017-03-09 14:54:00] EDIT Sprint1/static/css/logo.css: 5
[2017-03-09 15:15:21] EDIT Sprint1/static/css/logo.css: 0
[2017-03-09 15:15:38] EDIT Sprint1/static/css/logo.css: 0
[2017-03-09 15:18:15] EDIT Sprint1/models/menu.py: 1
[2017-03-09 15:18:46] DELETE Sprint1/static/css/logo.css.bak: -5
[2017-03-09 15:18:52] DELETE Sprint1/static/css/logo.css: -5
[2017-03-09 15:21:06] EDIT Sprint1/models/menu.py: -1
[2017-03-09 15:23:49] EDIT Sprint1/controllers/default.py: 1
[2017-03-09 15:24:48] EDIT Sprint1/controllers/default.py: -1
[2017-03-09 15:25:00] EDIT Sprint1/controllers/default.py: 0
[2017-03-09 15:25:13] EDIT Sprint1/controllers/default.py: 0
[2017-03-09 15:25:22] EDIT Sprint1/controllers/default.py: 0
[2017-03-09 15:25:36] EDIT Sprint1/controllers/default.py: 0
[2017-03-09 15:25:48] EDIT Sprint1/controllers/default.py: 0
[2017-03-09 15:26:04] EDIT Sprint1/controllers/default.py: 0
[2017-03-09 15:26:17] EDIT Sprint1/controllers/default.py: 0
[2017-03-09 15:26:27] EDIT Sprint1/controllers/default.py: 0
[2017-03-09 15:26:32] EDIT Sprint1/controllers/default.py: 0
[2017-03-09 15:26:48] EDIT Sprint1/controllers/default.py: 0
[2017-03-09 15:29:48] EDIT Sprint1/controllers/default.py: -3
[2017-03-09 15:31:00] EDIT Sprint1/controllers/default.py: 3
[2017-03-09 15:31:08] EDIT Sprint1/controllers/default.py: 0
[2017-03-09 15:31:10] EDIT Sprint1/controllers/default.py: 0
[2017-03-09 15:31:11] EDIT Sprint1/controllers/default.py: 0
[2017-03-09 15:31:29] EDIT Sprint1/controllers/default.py: -1
[2017-03-09 15:31:48] EDIT Sprint1/controllers/default.py: -1
[2017-03-09 15:31:53] EDIT Sprint1/controllers/default.py: 0
[2017-03-09 15:37:17] EDIT Sprint1/controllers/default.py: -2
[2017-03-09 15:39:13] EDIT Sprint1/models/db.py: 1
[2017-03-09 15:39:40] EDIT Sprint1/models/db.py: -1
[2017-03-09 15:40:08] EDIT Sprint1/models/db.py: 1
[2017-03-09 15:41:06] EDIT Sprint1/models/db.py: -1
[2017-03-09 15:41:20] EDIT Sprint1/models/db.py: 1
[2017-03-09 15:50:15] EDIT Sprint1/controllers/default.py: 0
[2017-03-09 15:50:35] EDIT Sprint1/controllers/default.py: 0
[2017-03-09 15:52:52] EDIT Sprint1/controllers/default.py: 0
[2017-03-09 15:53:04] EDIT Sprint1/controllers/default.py: 0
[2017-03-09 15:53:45] EDIT Sprint1/controllers/default.py: 0
[2017-03-09 15:54:23] EDIT Sprint1/controllers/default.py: 1
[2017-03-09 15:54:56] EDIT Sprint1/controllers/default.py: -1
[2017-03-09 15:55:14] EDIT Sprint1/controllers/default.py: 0
[2017-03-09 15:55:27] EDIT Sprint1/controllers/default.py: 0
[2017-03-09 15:59:15] EDIT Sprint1/controllers/default.py: 13
[2017-03-09 15:59:29] EDIT Sprint1/controllers/default.py: 0
[2017-03-09 16:00:23] EDIT Sprint1/controllers/default.py: 0
[2017-03-09 16:01:49] EDIT Sprint1/controllers/default.py: 0
[2017-03-09 16:02:08] EDIT Sprint1/controllers/default.py: 0
[2017-03-09 16:02:26] EDIT Sprint1/controllers/default.py: 0
[2017-03-09 16:03:29] EDIT Sprint1/controllers/default.py: -5
[2017-03-09 16:04:15] EDIT Sprint1/controllers/default.py: 5
[2017-03-09 16:11:36] EDIT Sprint1/views/default/index.html: 0
[2017-03-09 16:11:48] EDIT Sprint1/views/default/index.html: -1
[2017-03-09 16:12:06] EDIT Sprint1/views/default/projects.html: 16
[2017-03-09 16:13:19] EDIT Sprint1/controllers/default.py: 0
[2017-03-09 16:13:36] EDIT Sprint1/controllers/default.py: 0
[2017-03-09 16:13:46] EDIT Sprint1/controllers/default.py: 0
[2017-03-09 16:14:34] EDIT Sprint1/controllers/default.py: 0
[2017-03-09 16:16:37] EDIT Sprint1/controllers/default.py: 0
[2017-03-09 16:16:51] EDIT Sprint1/controllers/default.py: 1
[2017-03-09 16:20:18] EDIT Sprint1/controllers/default.py: 0
[2017-03-09 16:20:40] EDIT Sprint1/controllers/default.py: 0
[2017-03-09 16:21:26] EDIT Sprint1/controllers/default.py: 1
[2017-03-09 16:22:59] EDIT Sprint1/controllers/default.py: 0
[2017-03-09 16:23:12] EDIT Sprint1/controllers/default.py: 0
[2017-03-09 16:23:28] EDIT Sprint1/controllers/default.py: 0
[2017-03-09 16:23:35] EDIT Sprint1/controllers/default.py: 0
[2017-03-09 16:23:38] EDIT Sprint1/controllers/default.py: 0
[2017-03-09 16:24:22] EDIT Sprint1/controllers/default.py: 0
[2017-03-09 16:24:51] EDIT Sprint1/controllers/default.py: 0
[2017-03-09 16:24:58] EDIT Sprint1/controllers/default.py: 0
[2017-03-09 16:25:25] EDIT Sprint1/controllers/default.py: 0
[2017-03-09 16:25:33] EDIT Sprint1/controllers/default.py: 0
[2017-03-09 16:25:50] EDIT Sprint1/controllers/default.py: 0
[2017-03-09 16:25:58] EDIT Sprint1/controllers/default.py: 0
[2017-03-09 16:26:18] EDIT Sprint1/controllers/default.py: 0
[2017-03-09 16:28:21] EDIT Sprint1/controllers/default.py: 0
[2017-03-09 16:28:26] EDIT Sprint1/controllers/default.py: 0
[2017-03-09 16:31:43] EDIT Sprint1/controllers/default.py: 0
[2017-03-09 16:32:43] EDIT Sprint1/controllers/default.py: 0
[2017-03-09 16:32:55] EDIT Sprint1/controllers/default.py: 0
[2017-03-09 16:33:18] EDIT Sprint1/controllers/default.py: 0
<<<<<<< HEAD
[2017-03-12 15:33:27] EDIT Sprint1/views/layout.html: -8
[2017-03-12 15:33:45] EDIT Sprint1/views/layout.html: -3
=======
[2017-03-12 15:29:09] EDIT Sprint1/views/default/index.html: 2
<<<<<<< HEAD
[2017-03-13 00:13:55] EDIT Sprint1/views/default/feed.html: 0
[2017-03-13 00:14:04] EDIT Sprint1/views/default/feed.html: 0
[2017-03-13 00:14:22] EDIT Sprint1/views/default/feed.html: 0
[2017-03-13 00:14:35] EDIT Sprint1/views/default/feed.html: 0
[2017-03-13 00:14:49] EDIT Sprint1/views/default/feed.html: 0
[2017-03-13 00:14:59] EDIT Sprint1/views/default/feed.html: 0
[2017-03-13 00:15:35] EDIT Sprint1/views/default/feed.html: 0
[2017-03-13 00:15:47] EDIT Sprint1/views/default/feed.html: 0
[2017-03-13 00:15:53] EDIT Sprint1/views/default/feed.html: 0
[2017-03-13 00:16:34] EDIT Sprint1/views/default/feed.html: 1
[2017-03-13 00:16:34] EDIT Sprint1/views/default/feed.html: 0
[2017-03-13 00:16:43] EDIT Sprint1/views/default/feed.html: 0
[2017-03-13 00:16:50] EDIT Sprint1/views/default/feed.html: 0
[2017-03-13 00:16:50] EDIT Sprint1/views/default/feed.html: 0
[2017-03-13 00:17:07] EDIT Sprint1/views/default/feed.html: 0
[2017-03-13 00:17:41] EDIT Sprint1/views/default/feed.html: 0
[2017-03-13 00:18:16] EDIT Sprint1/views/default/feed.html: 0
[2017-03-13 00:18:19] EDIT Sprint1/views/default/feed.html: 0
[2017-03-13 00:18:29] EDIT Sprint1/views/default/feed.html: 0
[2017-03-13 00:18:30] EDIT Sprint1/views/default/feed.html: 0
[2017-03-13 00:21:32] EDIT Sprint1/views/default/feed.html: 1
[2017-03-13 00:21:52] EDIT Sprint1/views/default/feed.html: 0
[2017-03-13 00:22:02] EDIT Sprint1/views/default/feed.html: 0
[2017-03-13 00:22:06] EDIT Sprint1/views/default/feed.html: 0
[2017-03-13 00:22:14] EDIT Sprint1/views/default/feed.html: 0
[2017-03-13 00:22:33] EDIT Sprint1/views/default/feed.html: 1
[2017-03-13 00:22:37] EDIT Sprint1/views/default/feed.html: 0
[2017-03-13 00:22:48] EDIT Sprint1/views/default/feed.html: 0
[2017-03-13 00:23:01] EDIT Sprint1/views/default/feed.html: 0
[2017-03-13 00:23:05] EDIT Sprint1/views/default/feed.html: 0
[2017-03-13 00:23:07] EDIT Sprint1/views/default/feed.html: 0
[2017-03-13 00:23:17] EDIT Sprint1/views/default/feed.html: 0
[2017-03-13 00:23:24] EDIT Sprint1/views/default/feed.html: 0
[2017-03-13 00:24:23] EDIT Sprint1/views/default/feed.html: 2
[2017-03-13 00:24:26] EDIT Sprint1/views/default/feed.html: 0
[2017-03-13 00:24:37] EDIT Sprint1/views/default/feed.html: 1
[2017-03-13 00:24:38] EDIT Sprint1/views/default/feed.html: 0
[2017-03-13 00:24:47] EDIT Sprint1/views/default/feed.html: 0
[2017-03-13 00:24:59] EDIT Sprint1/views/default/feed.html: -3
[2017-03-13 00:25:13] EDIT Sprint1/views/default/feed.html: 1
[2017-03-13 00:25:18] EDIT Sprint1/views/default/feed.html: -1
[2017-03-13 00:25:20] EDIT Sprint1/views/default/feed.html: 1
[2017-03-13 00:25:33] EDIT Sprint1/views/default/feed.html: 0
[2017-03-13 00:25:35] EDIT Sprint1/views/default/feed.html: 1
[2017-03-13 00:26:19] EDIT Sprint1/views/default/feed.html: 0
[2017-03-13 00:26:46] EDIT Sprint1/views/default/feed.html: 0
[2017-03-13 00:26:53] EDIT Sprint1/views/default/feed.html: 0
[2017-03-13 00:27:35] EDIT Sprint1/views/default/feed.html: 1
[2017-03-13 00:27:35] EDIT Sprint1/views/default/feed.html: 0
[2017-03-13 00:27:56] EDIT Sprint1/views/default/feed.html: 0
[2017-03-13 00:28:29] EDIT Sprint1/views/default/feed.html: 1
[2017-03-13 00:28:45] EDIT Sprint1/views/default/feed.html: 0
[2017-03-13 00:28:49] EDIT Sprint1/views/default/feed.html: 0
[2017-03-13 00:29:13] EDIT Sprint1/views/default/feed.html: 0
[2017-03-13 00:29:16] EDIT Sprint1/views/default/feed.html: 0
[2017-03-13 00:29:35] EDIT Sprint1/views/default/feed.html: 0
[2017-03-13 00:32:10] EDIT Sprint1/views/default/feed.html: 0
[2017-03-13 00:34:21] EDIT Sprint1/views/default/feed.html: 0
[2017-03-13 00:34:36] EDIT Sprint1/views/default/feed.html: 0
[2017-03-13 00:35:13] EDIT Sprint1/views/default/feed.html: 0
[2017-03-13 00:35:21] EDIT Sprint1/views/default/feed.html: 0
[2017-03-13 00:35:28] EDIT Sprint1/views/default/feed.html: 0
[2017-03-13 00:35:35] EDIT Sprint1/views/default/feed.html: 0
[2017-03-13 00:36:38] EDIT Sprint1/views/default/feed.html: 0
[2017-03-13 00:36:45] EDIT Sprint1/views/default/feed.html: 0
[2017-03-13 00:36:47] EDIT Sprint1/views/default/feed.html: 0
[2017-03-13 00:36:52] EDIT Sprint1/views/default/feed.html: 0
[2017-03-13 00:37:18] EDIT Sprint1/views/default/feed.html: 0
[2017-03-13 00:40:12] EDIT Sprint1/views/layout.html: 0
[2017-03-13 00:40:19] EDIT Sprint1/views/layout.html: 0
[2017-03-13 00:40:19] EDIT Sprint1/views/layout.html: 0
[2017-03-13 00:41:16] EDIT Sprint1/views/layout.html: 0
[2017-03-13 00:43:44] EDIT Sprint1/static/plugin_layouts/superfish.css: 0
[2017-03-13 00:43:52] EDIT Sprint1/static/plugin_layouts/superfish.css: 0
[2017-03-13 00:44:00] EDIT Sprint1/static/plugin_layouts/superfish.css: 0
[2017-03-13 00:44:06] EDIT Sprint1/static/plugin_layouts/superfish.css: 0
[2017-03-13 00:44:12] EDIT Sprint1/static/plugin_layouts/superfish.css: 0
[2017-03-13 00:44:19] EDIT Sprint1/static/plugin_layouts/superfish.css: 0
[2017-03-13 00:44:25] EDIT Sprint1/static/plugin_layouts/superfish.css: 0
[2017-03-13 00:44:29] EDIT Sprint1/static/plugin_layouts/superfish.css: 0
[2017-03-13 00:44:35] EDIT Sprint1/static/plugin_layouts/superfish.css: 0
[2017-03-13 00:44:35] EDIT Sprint1/static/plugin_layouts/superfish.css: 0
[2017-03-13 00:45:17] EDIT Sprint1/static/plugin_layouts/superfish.css: 0
[2017-03-13 00:45:25] EDIT Sprint1/static/plugin_layouts/superfish.css: 0
[2017-03-13 00:45:32] EDIT Sprint1/static/plugin_layouts/superfish.css: 0
[2017-03-13 00:45:37] EDIT Sprint1/static/plugin_layouts/superfish.css: 0
[2017-03-13 00:46:30] EDIT Sprint1/static/plugin_layouts/superfish.css: 0
[2017-03-13 00:46:38] EDIT Sprint1/static/plugin_layouts/superfish.css: 0
[2017-03-13 00:46:38] EDIT Sprint1/static/plugin_layouts/superfish.css: 0
[2017-03-13 01:04:23] EDIT Sprint1/static/css/web2py.css: 0
[2017-03-13 01:04:38] EDIT Sprint1/static/css/web2py.css: 0
[2017-03-13 01:04:38] EDIT Sprint1/static/css/web2py.css: 0
[2017-03-13 01:04:38] EDIT Sprint1/static/css/web2py.css: 0
[2017-03-13 01:04:46] EDIT Sprint1/static/css/web2py.css: 0
[2017-03-13 01:05:25] EDIT Sprint1/static/css/web2py.css: 0
[2017-03-13 01:06:11] EDIT Sprint1/static/css/web2py.css: 0
[2017-03-13 01:06:19] EDIT Sprint1/static/css/web2py.css: 0
[2017-03-13 01:11:22] EDIT Sprint1/views/layout.html: 1
[2017-03-13 01:11:46] EDIT Sprint1/views/layout.html: 0
[2017-03-13 01:12:27] EDIT Sprint1/views/layout.html: 3
[2017-03-13 01:12:29] EDIT Sprint1/views/layout.html: 0
[2017-03-13 01:12:38] EDIT Sprint1/views/layout.html: 2
[2017-03-13 01:12:49] EDIT Sprint1/views/layout.html: -1
[2017-03-13 01:13:10] EDIT Sprint1/views/layout.html: 0
[2017-03-13 01:13:18] EDIT Sprint1/views/layout.html: 0
[2017-03-13 01:13:37] EDIT Sprint1/views/layout.html: 0
[2017-03-13 01:14:04] EDIT Sprint1/views/layout.html: 1
[2017-03-13 01:15:17] EDIT Sprint1/views/layout.html: 0
[2017-03-13 01:16:36] EDIT Sprint1/views/layout.html: 1
[2017-03-13 01:17:02] EDIT Sprint1/views/layout.html: 0
[2017-03-13 01:17:12] EDIT Sprint1/views/layout.html: -1
[2017-03-13 01:17:18] EDIT Sprint1/views/layout.html: -1
[2017-03-13 01:18:11] EDIT Sprint1/views/layout.html: 1
[2017-03-13 01:18:14] EDIT Sprint1/views/layout.html: 0
[2017-03-13 01:18:46] EDIT Sprint1/views/layout.html: 0
[2017-03-13 01:18:54] EDIT Sprint1/views/layout.html: 0
[2017-03-13 01:18:57] EDIT Sprint1/views/layout.html: 0
[2017-03-13 01:18:58] EDIT Sprint1/views/layout.html: 0
[2017-03-13 01:19:53] EDIT Sprint1/views/layout.html: 0
[2017-03-13 01:22:41] EDIT Sprint1/views/layout.html: -1
[2017-03-13 01:23:00] EDIT Sprint1/views/layout.html: 0
[2017-03-13 01:23:11] EDIT Sprint1/views/layout.html: 1
[2017-03-13 01:23:20] EDIT Sprint1/views/layout.html: 0
[2017-03-13 01:27:52] EDIT Sprint1/views/layout.html: 1
[2017-03-13 01:28:08] EDIT Sprint1/views/layout.html: 0
[2017-03-13 01:28:08] EDIT Sprint1/views/layout.html: 0
[2017-03-13 01:28:40] EDIT Sprint1/views/layout.html: 0
[2017-03-13 01:28:48] EDIT Sprint1/views/layout.html: 0
[2017-03-13 01:28:48] EDIT Sprint1/views/layout.html: 0
[2017-03-13 01:29:26] EDIT Sprint1/views/layout.html: 0
[2017-03-13 02:02:02] EDIT Sprint1/views/layout.html: 6
[2017-03-13 02:02:11] EDIT Sprint1/views/layout.html: 0
[2017-03-13 02:02:22] EDIT Sprint1/views/layout.html: -3
[2017-03-13 02:02:23] EDIT Sprint1/views/layout.html: 0
[2017-03-13 02:02:24] EDIT Sprint1/views/layout.html: 0
[2017-03-13 02:02:47] EDIT Sprint1/views/layout.html: 1
[2017-03-13 02:02:53] EDIT Sprint1/views/layout.html: 0
[2017-03-13 02:03:12] EDIT Sprint1/views/layout.html: 0
[2017-03-13 02:03:18] EDIT Sprint1/views/layout.html: 0
[2017-03-13 02:03:54] EDIT Sprint1/views/layout.html: 1
[2017-03-13 02:04:01] EDIT Sprint1/views/layout.html: 0
[2017-03-13 02:05:50] EDIT Sprint1/views/layout.html: -1
[2017-03-13 02:06:15] EDIT Sprint1/views/layout.html: -2
[2017-03-13 02:06:24] EDIT Sprint1/views/layout.html: 0
[2017-03-13 02:06:44] EDIT Sprint1/views/layout.html: -2
[2017-03-13 02:07:18] EDIT Sprint1/views/layout.html: 5
[2017-03-13 02:07:21] EDIT Sprint1/views/layout.html: -1
[2017-03-13 02:07:24] EDIT Sprint1/views/layout.html: 0
[2017-03-13 02:07:28] EDIT Sprint1/views/layout.html: 0
[2017-03-13 02:08:06] EDIT Sprint1/views/layout.html: 0
[2017-03-13 02:08:14] EDIT Sprint1/views/layout.html: 0
[2017-03-13 02:08:16] EDIT Sprint1/views/layout.html: 0
[2017-03-13 02:08:19] EDIT Sprint1/views/layout.html: 0
[2017-03-13 02:08:32] EDIT Sprint1/views/layout.html: 0
[2017-03-13 02:08:44] EDIT Sprint1/views/layout.html: 0
[2017-03-13 02:08:59] EDIT Sprint1/views/layout.html: 0
[2017-03-13 02:09:18] EDIT Sprint1/views/layout.html: 0
[2017-03-13 02:09:43] EDIT Sprint1/views/layout.html: 0
[2017-03-13 02:09:47] EDIT Sprint1/views/layout.html: 0
[2017-03-13 02:10:02] EDIT Sprint1/views/layout.html: 1
[2017-03-13 02:10:10] EDIT Sprint1/views/layout.html: 0
[2017-03-13 02:10:27] EDIT Sprint1/views/layout.html: 0
[2017-03-13 02:10:28] EDIT Sprint1/views/layout.html: 0
[2017-03-13 02:11:20] EDIT Sprint1/views/layout.html: 0
[2017-03-13 02:11:42] EDIT Sprint1/views/layout.html: 0
[2017-03-13 02:11:45] EDIT Sprint1/views/layout.html: 0
[2017-03-13 02:12:21] EDIT Sprint1/views/layout.html: -1
[2017-03-13 02:12:29] EDIT Sprint1/views/layout.html: 0
[2017-03-13 02:12:40] EDIT Sprint1/views/layout.html: 1
[2017-03-13 02:12:46] EDIT Sprint1/views/layout.html: 0
[2017-03-13 02:12:48] EDIT Sprint1/views/layout.html: 0
[2017-03-13 02:13:06] EDIT Sprint1/views/layout.html: -1
[2017-03-13 02:13:24] EDIT Sprint1/views/layout.html: 0
[2017-03-13 02:14:02] EDIT Sprint1/views/layout.html: 0
[2017-03-13 02:14:07] EDIT Sprint1/views/layout.html: 0
[2017-03-13 02:14:26] EDIT Sprint1/views/layout.html: 0
[2017-03-13 02:14:36] EDIT Sprint1/views/layout.html: 0
[2017-03-13 02:14:45] EDIT Sprint1/views/layout.html: 0
[2017-03-13 02:14:58] EDIT Sprint1/views/layout.html: 0
[2017-03-13 02:15:47] EDIT Sprint1/views/layout.html: -4
[2017-03-13 02:15:59] EDIT Sprint1/views/layout.html: 1
[2017-03-13 02:16:00] EDIT Sprint1/views/layout.html: 0
[2017-03-13 02:16:12] EDIT Sprint1/views/layout.html: 0
[2017-03-13 02:16:21] EDIT Sprint1/views/layout.html: 0
[2017-03-13 02:16:21] EDIT Sprint1/views/layout.html: 0
[2017-03-13 02:16:38] EDIT Sprint1/views/layout.html: -1
[2017-03-13 02:16:45] EDIT Sprint1/views/layout.html: 1
[2017-03-13 02:17:02] EDIT Sprint1/views/layout.html: -1
[2017-03-13 02:18:51] EDIT Sprint1/views/default/feed.html: 3
[2017-03-13 02:19:09] EDIT Sprint1/views/default/feed.html: 5
[2017-03-13 02:19:31] EDIT Sprint1/views/default/feed.html: 0
[2017-03-13 02:19:35] EDIT Sprint1/views/default/feed.html: 0
[2017-03-13 02:19:38] EDIT Sprint1/views/default/feed.html: 0
[2017-03-13 02:20:40] EDIT Sprint1/views/default/feed.html: 0
[2017-03-13 02:20:42] EDIT Sprint1/views/default/feed.html: 0
[2017-03-13 02:20:58] EDIT Sprint1/views/default/feed.html: 0
[2017-03-13 02:22:04] EDIT Sprint1/views/default/feed.html: 0
[2017-03-13 02:22:32] EDIT Sprint1/views/default/feed.html: 0
[2017-03-13 02:23:26] EDIT Sprint1/views/default/feed.html: 7
[2017-03-13 02:23:32] EDIT Sprint1/views/default/feed.html: -7
[2017-03-13 02:24:21] EDIT Sprint1/views/default/feed.html: 0
[2017-03-13 02:24:34] EDIT Sprint1/views/default/feed.html: 0
[2017-03-13 02:25:31] EDIT Sprint1/views/default/feed.html: 3
[2017-03-13 02:28:03] EDIT Sprint1/views/default/feed.html: 0
[2017-03-13 02:28:07] EDIT Sprint1/views/default/feed.html: 0
[2017-03-13 02:28:32] EDIT Sprint1/views/default/feed.html: 0
[2017-03-13 02:30:03] EDIT Sprint1/views/default/feed.html: 4
[2017-03-13 02:31:28] EDIT Sprint1/views/default/feed.html: 0
[2017-03-13 02:31:53] EDIT Sprint1/views/default/feed.html: 0
[2017-03-13 02:32:34] EDIT Sprint1/views/default/feed.html: 0
[2017-03-13 02:32:58] EDIT Sprint1/views/default/feed.html: 0
[2017-03-13 02:33:36] EDIT Sprint1/views/default/feed.html: 0
[2017-03-13 02:34:00] EDIT Sprint1/views/default/feed.html: 0
[2017-03-13 02:34:40] EDIT Sprint1/views/default/feed.html: 0
[2017-03-13 02:35:04] EDIT Sprint1/views/default/feed.html: 0
[2017-03-13 02:35:24] EDIT Sprint1/views/default/feed.html: 0
[2017-03-13 02:36:23] EDIT Sprint1/views/default/feed.html: -8
[2017-03-13 02:36:46] EDIT Sprint1/views/default/feed.html: 7
[2017-03-13 02:36:50] EDIT Sprint1/views/default/feed.html: 0
[2017-03-13 02:37:03] EDIT Sprint1/views/default/feed.html: 0
[2017-03-13 02:37:12] EDIT Sprint1/views/default/feed.html: 0
[2017-03-13 02:37:19] EDIT Sprint1/views/default/feed.html: 0
[2017-03-13 02:37:44] EDIT Sprint1/views/default/feed.html: 1
[2017-03-13 02:37:54] EDIT Sprint1/views/default/feed.html: 0
[2017-03-13 02:38:08] EDIT Sprint1/views/default/feed.html: 1
[2017-03-13 02:38:35] EDIT Sprint1/views/default/feed.html: -1
[2017-03-13 02:38:57] EDIT Sprint1/views/default/feed.html: 0
[2017-03-13 02:39:05] EDIT Sprint1/views/default/feed.html: 0
[2017-03-13 02:48:37] EDIT Sprint1/views/layout.html: 23
[2017-03-13 02:49:46] EDIT Sprint1/views/layout.html: 3
[2017-03-13 02:49:49] EDIT Sprint1/views/layout.html: 0
[2017-03-13 02:54:56] EDIT Sprint1/views/layout.html: 0
[2017-03-13 02:56:16] EDIT Sprint1/views/layout.html: 3
[2017-03-13 02:58:43] EDIT Sprint1/views/layout.html: 1
[2017-03-13 02:58:52] EDIT Sprint1/views/layout.html: 0
[2017-03-13 03:00:22] EDIT Sprint1/views/plugin_layouts/layouts/Settings.html: 0
[2017-03-13 03:03:25] EDIT Sprint1/views/plugin_layouts/layouts/Settings.html: 1
[2017-03-13 03:10:43] EDIT Sprint1/views/plugin_layouts/layouts/Settings.html: 0
[2017-03-13 03:12:42] EDIT Sprint1/views/plugin_layouts/layouts/Settings.html: 0
[2017-03-13 03:12:42] EDIT Sprint1/views/plugin_layouts/layouts/Settings.html: 0
[2017-03-13 03:13:43] EDIT Sprint1/views/plugin_layouts/layouts/Settings.html: 0
[2017-03-13 03:13:59] EDIT Sprint1/views/plugin_layouts/layouts/Settings.html: -3
[2017-03-13 03:14:43] EDIT Sprint1/views/layout.html: 0
[2017-03-13 03:14:48] EDIT Sprint1/views/layout.html: 1
[2017-03-13 03:17:27] EDIT Sprint1/views/layout.html: 2
[2017-03-13 03:24:18] EDIT Sprint1/views/default/feed.html: -2
[2017-03-13 03:25:57] EDIT Sprint1/views/default/feed.html: 0
[2017-03-13 03:26:29] EDIT Sprint1/views/default/feed.html: 0
[2017-03-13 03:26:35] EDIT Sprint1/views/default/feed.html: 0
[2017-03-13 03:26:51] EDIT Sprint1/views/default/feed.html: -2
[2017-03-13 03:27:14] EDIT Sprint1/views/default/feed.html: -2
[2017-03-13 03:27:41] EDIT Sprint1/views/default/feed.html: 0
[2017-03-13 03:27:58] EDIT Sprint1/views/default/feed.html: 0
[2017-03-13 03:28:09] EDIT Sprint1/views/default/feed.html: 1
[2017-03-13 03:28:28] EDIT Sprint1/views/default/feed.html: 0
[2017-03-13 03:30:06] EDIT Sprint1/views/default/feed.html: 0
[2017-03-13 03:31:05] EDIT Sprint1/views/default/feed.html: 0
[2017-03-13 03:31:07] EDIT Sprint1/views/default/feed.html: 0
=======
[2017-03-12 15:56:31] EDIT Sprint1/controllers/default.py: 2
[2017-03-12 15:56:57] CREATE default/profile.html: 0
[2017-03-12 16:13:52] EDIT Sprint1/views/default/profile.html: 0
<<<<<<< HEAD
[2017-03-12 16:37:24] EDIT Sprint1/views/default/profile.html: 1
[2017-03-12 16:39:58] EDIT Sprint1/views/default/profile.html: 1
[2017-03-12 16:41:44] EDIT Sprint1/views/default/profile.html: 0
[2017-03-12 16:44:28] EDIT Sprint1/views/default/profile.html: 0
[2017-03-12 16:44:49] EDIT Sprint1/views/default/profile.html: 0
[2017-03-12 16:44:59] EDIT Sprint1/views/default/profile.html: 0
[2017-03-12 16:56:09] EDIT Sprint1/views/default/profile.html: 0
[2017-03-12 17:01:24] EDIT Sprint1/controllers/default.py: 3
[2017-03-12 17:02:01] EDIT Sprint1/controllers/default.py: 0
[2017-03-12 17:06:13] EDIT Sprint1/controllers/default.py: 3
[2017-03-12 17:06:19] EDIT Sprint1/views/default/profile.html: 0
[2017-03-12 17:23:49] EDIT Sprint1/controllers/default.py: 0
[2017-03-12 17:24:41] EDIT Sprint1/controllers/default.py: 0
[2017-03-12 17:25:36] EDIT Sprint1/controllers/default.py: 0
[2017-03-12 17:29:48] EDIT Sprint1/controllers/default.py: 0
[2017-03-12 17:41:55] EDIT Sprint1/models/db.py: 1
[2017-03-12 17:42:16] EDIT Sprint1/models/db.py: 0
[2017-03-12 17:46:16] EDIT Sprint1/controllers/default.py: 0
[2017-03-12 17:50:08] EDIT Sprint1/models/db.py: 0
[2017-03-12 17:59:54] EDIT Sprint1/controllers/default.py: 0
[2017-03-12 18:01:14] EDIT Sprint1/controllers/default.py: 0
[2017-03-12 18:02:29] EDIT Sprint1/views/default/profile.html: 0
[2017-03-12 18:05:12] EDIT Sprint1/views/default/profile.html: 3
[2017-03-12 18:09:39] EDIT Sprint1/views/default/profile.html: 3
[2017-03-12 18:15:35] EDIT Sprint1/controllers/default.py: 1
[2017-03-12 18:16:49] EDIT Sprint1/controllers/default.py: 0
[2017-03-12 18:17:55] EDIT Sprint1/controllers/default.py: 0
[2017-03-12 18:18:48] EDIT Sprint1/controllers/default.py: 0
[2017-03-12 18:19:27] EDIT Sprint1/controllers/default.py: -1
[2017-03-12 18:19:52] EDIT Sprint1/views/default/profile.html: 1
[2017-03-12 18:21:06] EDIT Sprint1/views/default/profile.html: -3
[2017-03-12 18:21:22] EDIT Sprint1/views/default/profile.html: -1
[2017-03-12 18:24:45] EDIT Sprint1/controllers/default.py: -2
[2017-03-12 18:25:17] EDIT Sprint1/controllers/default.py: 0
[2017-03-12 18:26:34] EDIT Sprint1/views/default/profile.html: 0
=======
>>>>>>> 19bc826a19815c7006353ffdd4f44f6bd148e851
>>>>>>> f179ed5565a11bade86067c7bd98e903db187020
<<<<<<< HEAD
[2017-03-12 18:40:47] CREATE default/index1.html: 0
[2017-03-13 20:56:02] EDIT Sprint1/views/default/profile.html: 0
[2017-03-13 21:01:01] EDIT Sprint1/views/default/profile.html: 0
[2017-03-13 21:01:51] EDIT Sprint1/controllers/default.py: 0
[2017-03-13 21:02:05] EDIT Sprint1/views/default/profile.html: 0
[2017-03-14 16:02:01] EDIT Sprint1/controllers/default.py: 0
=======
>>>>>>> 545db7d2bd3cd2b88b0bdd0c23f6f67e5942dde8
[2017-03-13 03:39:49] EDIT Sprint1/views/layout.html: -243
[2017-03-14 15:12:20] EDIT Sprint1/views/default/show.html: 0
[2017-03-14 15:12:36] EDIT Sprint1/views/default/show.html: 0
[2017-03-14 15:15:41] EDIT Sprint1/views/default/show.html: 0
[2017-03-14 15:16:35] EDIT Sprint1/views/default/show.html: 0
[2017-03-14 15:17:00] EDIT Sprint1/views/default/show.html: 0
[2017-03-14 15:18:18] EDIT Sprint1/views/default/show.html: 0
[2017-03-14 15:18:44] EDIT Sprint1/views/default/show.html: 0
[2017-03-14 15:18:56] EDIT Sprint1/views/default/show.html: 0
[2017-03-14 15:20:58] EDIT Sprint1/controllers/default.py: 0
[2017-03-14 15:24:07] EDIT Sprint1/views/default/show.html: 1
[2017-03-14 15:24:46] EDIT Sprint1/views/default/show.html: 0
[2017-03-14 15:25:55] EDIT Sprint1/views/default/show.html: 0
[2017-03-14 15:26:23] EDIT Sprint1/views/default/show.html: -1
[2017-03-14 15:26:32] EDIT Sprint1/views/default/show.html: 1
[2017-03-14 15:26:52] EDIT Sprint1/views/default/show.html: 0
[2017-03-14 15:30:16] EDIT Sprint1/views/default/show.html: -1
[2017-03-14 15:32:34] EDIT Sprint1/views/default/show.html: 0
[2017-03-14 15:32:49] EDIT Sprint1/views/default/show.html: 0
[2017-03-14 15:33:06] EDIT Sprint1/views/default/show.html: 0
[2017-03-14 15:33:18] EDIT Sprint1/views/default/show.html: 0
[2017-03-14 15:33:43] EDIT Sprint1/views/default/show.html: 0
[2017-03-14 15:34:02] EDIT Sprint1/views/default/show.html: 0
[2017-03-14 15:34:07] EDIT Sprint1/views/default/show.html: 0
[2017-03-14 15:37:44] EDIT Sprint1/views/default/show.html: 0
>>>>>>> 8a077921afefb6b17d490c19540be4e47c6beec8
[2017-03-16 18:21:12] EDIT Sprint1/models/db.py: 3
[2017-03-16 18:32:39] EDIT Sprint1/models/db.py: 12
[2017-03-16 18:35:52] EDIT Sprint1/models/db.py: 0
[2017-03-16 18:36:36] EDIT Sprint1/models/db.py: 0
[2017-03-16 18:36:56] EDIT Sprint1/models/db.py: 0
[2017-03-16 18:37:06] EDIT Sprint1/models/db.py: 0
[2017-03-16 18:37:53] EDIT Sprint1/models/db.py: -15
[2017-03-16 18:47:12] EDIT Sprint1/controllers/default.py: 4
[2017-03-16 18:48:10] EDIT Sprint1/controllers/default.py: 10
[2017-03-16 18:52:19] EDIT Sprint1/controllers/default.py: 0
[2017-03-16 19:18:26] EDIT Sprint1/views/default/feed.html: 88
[2017-03-16 19:20:50] EDIT Sprint1/views/default/feed.html: 0
[2017-03-16 19:55:39] EDIT Sprint1/views/default/feed.html: 1
[2017-03-16 19:56:08] EDIT Sprint1/views/default/feed.html: 0
[2017-03-16 20:00:18] EDIT Sprint1/models/db.py: 1
[2017-03-16 20:02:05] EDIT Sprint1/views/default/feed.html: -1
[2017-03-16 20:03:05] EDIT Sprint1/views/default/feed.html: 0
[2017-03-16 20:08:41] EDIT Sprint1/views/default/feed.html: 0
[2017-03-16 20:18:53] EDIT Sprint1/views/default/show.html: 46
[2017-03-16 20:20:43] EDIT Sprint1/views/default/show.html: 0
